INFO - 2023-02-27 02:01:12 --> Session: Class initialized using 'CodeIgniter\Session\Handlers\FileHandler' driver.
WARNING - 2023-02-27 02:01:12 --> Session: Sessions is enabled, and one exists.Please don't $session->start();
ERROR - 2023-02-27 02:01:17 --> Error connecting to the database: mysqli_sql_exception: No connection could be made because the target machine actively refused it.
 in C:\xampp\htdocs\Green\system\Database\MySQLi\Connection.php:174
Stack trace:
#0 C:\xampp\htdocs\Green\system\Database\MySQLi\Connection.php(174): mysqli->real_connect('localhost', 'root', '', 'greenjonggolvil...', 3306, '', 0)
#1 C:\xampp\htdocs\Green\system\Database\BaseConnection.php(391): CodeIgniter\Database\MySQLi\Connection->connect(false)
#2 C:\xampp\htdocs\Green\system\Database\BaseConnection.php(573): CodeIgniter\Database\BaseConnection->initialize()
#3 C:\xampp\htdocs\Green\system\Database\BaseBuilder.php(1616): CodeIgniter\Database\BaseConnection->query('SELECT *\nFROM `...', Array, false)
#4 C:\xampp\htdocs\Green\app\Models\Admin_Model.php(11): CodeIgniter\Database\BaseBuilder->get()
#5 C:\xampp\htdocs\Green\app\Controllers\Admin_Controller.php(16): App\Models\Admin_Model->ambil_berkas()
#6 C:\xampp\htdocs\Green\system\CodeIgniter.php(934): App\Controllers\Admin_Controller->index()
#7 C:\xampp\htdocs\Green\system\CodeIgniter.php(499): CodeIgniter\CodeIgniter->runController(Object(App\Controllers\Admin_Controller))
#8 C:\xampp\htdocs\Green\system\CodeIgniter.php(368): CodeIgniter\CodeIgniter->handleRequest(NULL, Object(Config\Cache), false)
#9 C:\xampp\htdocs\Green\public\index.php(67): CodeIgniter\CodeIgniter->run()
#10 {main}

Next CodeIgniter\Database\Exceptions\DatabaseException: No connection could be made because the target machine actively refused it.
 in C:\xampp\htdocs\Green\system\Database\MySQLi\Connection.php:218
Stack trace:
#0 C:\xampp\htdocs\Green\system\Database\BaseConnection.php(391): CodeIgniter\Database\MySQLi\Connection->connect(false)
#1 C:\xampp\htdocs\Green\system\Database\BaseConnection.php(573): CodeIgniter\Database\BaseConnection->initialize()
#2 C:\xampp\htdocs\Green\system\Database\BaseBuilder.php(1616): CodeIgniter\Database\BaseConnection->query('SELECT *\nFROM `...', Array, false)
#3 C:\xampp\htdocs\Green\app\Models\Admin_Model.php(11): CodeIgniter\Database\BaseBuilder->get()
#4 C:\xampp\htdocs\Green\app\Controllers\Admin_Controller.php(16): App\Models\Admin_Model->ambil_berkas()
#5 C:\xampp\htdocs\Green\system\CodeIgniter.php(934): App\Controllers\Admin_Controller->index()
#6 C:\xampp\htdocs\Green\system\CodeIgniter.php(499): CodeIgniter\CodeIgniter->runController(Object(App\Controllers\Admin_Controller))
#7 C:\xampp\htdocs\Green\system\CodeIgniter.php(368): CodeIgniter\CodeIgniter->handleRequest(NULL, Object(Config\Cache), false)
#8 C:\xampp\htdocs\Green\public\index.php(67): CodeIgniter\CodeIgniter->run()
#9 {main}
CRITICAL - 2023-02-27 02:01:17 --> Unable to connect to the database.
Main connection [MySQLi]: No connection could be made because the target machine actively refused it.

in SYSTEMPATH\Database\BaseConnection.php on line 427.
 1 SYSTEMPATH\Database\BaseConnection.php(573): CodeIgniter\Database\BaseConnection->initialize()
 2 SYSTEMPATH\Database\BaseBuilder.php(1616): CodeIgniter\Database\BaseConnection->query('SELECT *
FROM `berkas`
JOIN `user` ON `user`.`id_user` = `berkas`.`id_user`', [], false)
 3 APPPATH\Models\Admin_Model.php(11): CodeIgniter\Database\BaseBuilder->get()
 4 APPPATH\Controllers\Admin_Controller.php(16): App\Models\Admin_Model->ambil_berkas()
 5 SYSTEMPATH\CodeIgniter.php(934): App\Controllers\Admin_Controller->index()
 6 SYSTEMPATH\CodeIgniter.php(499): CodeIgniter\CodeIgniter->runController(Object(App\Controllers\Admin_Controller))
 7 SYSTEMPATH\CodeIgniter.php(368): CodeIgniter\CodeIgniter->handleRequest(null, Object(Config\Cache), false)
 8 FCPATH\index.php(67): CodeIgniter\CodeIgniter->run()
INFO - 2023-02-27 02:01:55 --> Session: Class initialized using 'CodeIgniter\Session\Handlers\FileHandler' driver.
WARNING - 2023-02-27 02:01:55 --> Session: Sessions is enabled, and one exists.Please don't $session->start();
