INFO - 2023-02-21 01:52:19 --> Session: Class initialized using 'CodeIgniter\Session\Handlers\FileHandler' driver.
WARNING - 2023-02-21 01:52:19 --> Session: Sessions is enabled, and one exists.Please don't $session->start();
INFO - 2023-02-21 01:52:20 --> Session: Class initialized using 'CodeIgniter\Session\Handlers\FileHandler' driver.
WARNING - 2023-02-21 01:52:20 --> Session: Sessions is enabled, and one exists.Please don't $session->start();
INFO - 2023-02-21 01:52:21 --> Session: Class initialized using 'CodeIgniter\Session\Handlers\FileHandler' driver.
WARNING - 2023-02-21 01:52:21 --> Session: Sessions is enabled, and one exists.Please don't $session->start();
INFO - 2023-02-21 01:52:27 --> Session: Class initialized using 'CodeIgniter\Session\Handlers\FileHandler' driver.
WARNING - 2023-02-21 01:52:27 --> Session: Sessions is enabled, and one exists.Please don't $session->start();
INFO - 2023-02-21 01:52:29 --> Session: Class initialized using 'CodeIgniter\Session\Handlers\FileHandler' driver.
WARNING - 2023-02-21 01:52:29 --> Session: Sessions is enabled, and one exists.Please don't $session->start();
INFO - 2023-02-21 01:52:31 --> Session: Class initialized using 'CodeIgniter\Session\Handlers\FileHandler' driver.
WARNING - 2023-02-21 01:52:31 --> Session: Sessions is enabled, and one exists.Please don't $session->start();
INFO - 2023-02-21 01:52:34 --> Session: Class initialized using 'CodeIgniter\Session\Handlers\FileHandler' driver.
WARNING - 2023-02-21 01:52:34 --> Session: Sessions is enabled, and one exists.Please don't $session->start();
INFO - 2023-02-21 02:04:51 --> Session: Class initialized using 'CodeIgniter\Session\Handlers\FileHandler' driver.
WARNING - 2023-02-21 02:04:51 --> Session: Sessions is enabled, and one exists.Please don't $session->start();
INFO - 2023-02-21 02:04:51 --> Session: Class initialized using 'CodeIgniter\Session\Handlers\FileHandler' driver.
WARNING - 2023-02-21 02:04:51 --> Session: Sessions is enabled, and one exists.Please don't $session->start();
INFO - 2023-02-21 02:05:13 --> Session: Class initialized using 'CodeIgniter\Session\Handlers\FileHandler' driver.
WARNING - 2023-02-21 02:05:13 --> Session: Sessions is enabled, and one exists.Please don't $session->start();
INFO - 2023-02-21 02:05:15 --> Session: Class initialized using 'CodeIgniter\Session\Handlers\FileHandler' driver.
WARNING - 2023-02-21 02:05:15 --> Session: Sessions is enabled, and one exists.Please don't $session->start();
INFO - 2023-02-21 02:05:17 --> Session: Class initialized using 'CodeIgniter\Session\Handlers\FileHandler' driver.
WARNING - 2023-02-21 02:05:17 --> Session: Sessions is enabled, and one exists.Please don't $session->start();
INFO - 2023-02-21 02:05:18 --> Session: Class initialized using 'CodeIgniter\Session\Handlers\FileHandler' driver.
WARNING - 2023-02-21 02:05:18 --> Session: Sessions is enabled, and one exists.Please don't $session->start();
INFO - 2023-02-21 02:05:24 --> Session: Class initialized using 'CodeIgniter\Session\Handlers\FileHandler' driver.
WARNING - 2023-02-21 02:05:24 --> Session: Sessions is enabled, and one exists.Please don't $session->start();
INFO - 2023-02-21 02:05:26 --> Session: Class initialized using 'CodeIgniter\Session\Handlers\FileHandler' driver.
WARNING - 2023-02-21 02:05:26 --> Session: Sessions is enabled, and one exists.Please don't $session->start();
INFO - 2023-02-21 02:05:31 --> Session: Class initialized using 'CodeIgniter\Session\Handlers\FileHandler' driver.
WARNING - 2023-02-21 02:05:31 --> Session: Sessions is enabled, and one exists.Please don't $session->start();
INFO - 2023-02-21 02:05:32 --> Session: Class initialized using 'CodeIgniter\Session\Handlers\FileHandler' driver.
WARNING - 2023-02-21 02:05:32 --> Session: Sessions is enabled, and one exists.Please don't $session->start();
INFO - 2023-02-21 02:06:13 --> Session: Class initialized using 'CodeIgniter\Session\Handlers\FileHandler' driver.
WARNING - 2023-02-21 02:06:13 --> Session: Sessions is enabled, and one exists.Please don't $session->start();
INFO - 2023-02-21 02:06:17 --> Session: Class initialized using 'CodeIgniter\Session\Handlers\FileHandler' driver.
WARNING - 2023-02-21 02:06:17 --> Session: Sessions is enabled, and one exists.Please don't $session->start();
INFO - 2023-02-21 02:06:21 --> Session: Class initialized using 'CodeIgniter\Session\Handlers\FileHandler' driver.
WARNING - 2023-02-21 02:06:21 --> Session: Sessions is enabled, and one exists.Please don't $session->start();
INFO - 2023-02-21 02:09:09 --> Session: Class initialized using 'CodeIgniter\Session\Handlers\FileHandler' driver.
WARNING - 2023-02-21 02:09:09 --> Session: Sessions is enabled, and one exists.Please don't $session->start();
INFO - 2023-02-21 02:09:10 --> Session: Class initialized using 'CodeIgniter\Session\Handlers\FileHandler' driver.
WARNING - 2023-02-21 02:09:10 --> Session: Sessions is enabled, and one exists.Please don't $session->start();
INFO - 2023-02-21 02:09:13 --> Session: Class initialized using 'CodeIgniter\Session\Handlers\FileHandler' driver.
WARNING - 2023-02-21 02:09:13 --> Session: Sessions is enabled, and one exists.Please don't $session->start();
INFO - 2023-02-21 02:09:14 --> Session: Class initialized using 'CodeIgniter\Session\Handlers\FileHandler' driver.
WARNING - 2023-02-21 02:09:14 --> Session: Sessions is enabled, and one exists.Please don't $session->start();
INFO - 2023-02-21 02:09:19 --> Session: Class initialized using 'CodeIgniter\Session\Handlers\FileHandler' driver.
WARNING - 2023-02-21 02:09:19 --> Session: Sessions is enabled, and one exists.Please don't $session->start();
INFO - 2023-02-21 02:09:22 --> Session: Class initialized using 'CodeIgniter\Session\Handlers\FileHandler' driver.
WARNING - 2023-02-21 02:09:22 --> Session: Sessions is enabled, and one exists.Please don't $session->start();
INFO - 2023-02-21 02:09:25 --> Session: Class initialized using 'CodeIgniter\Session\Handlers\FileHandler' driver.
WARNING - 2023-02-21 02:09:25 --> Session: Sessions is enabled, and one exists.Please don't $session->start();
INFO - 2023-02-21 02:09:26 --> Session: Class initialized using 'CodeIgniter\Session\Handlers\FileHandler' driver.
WARNING - 2023-02-21 02:09:26 --> Session: Sessions is enabled, and one exists.Please don't $session->start();
INFO - 2023-02-21 02:09:29 --> Session: Class initialized using 'CodeIgniter\Session\Handlers\FileHandler' driver.
WARNING - 2023-02-21 02:09:29 --> Session: Sessions is enabled, and one exists.Please don't $session->start();
INFO - 2023-02-21 02:09:29 --> Session: Class initialized using 'CodeIgniter\Session\Handlers\FileHandler' driver.
WARNING - 2023-02-21 02:09:29 --> Session: Sessions is enabled, and one exists.Please don't $session->start();
INFO - 2023-02-21 02:09:32 --> Session: Class initialized using 'CodeIgniter\Session\Handlers\FileHandler' driver.
WARNING - 2023-02-21 02:09:32 --> Session: Sessions is enabled, and one exists.Please don't $session->start();
INFO - 2023-02-21 02:09:33 --> Session: Class initialized using 'CodeIgniter\Session\Handlers\FileHandler' driver.
WARNING - 2023-02-21 02:09:33 --> Session: Sessions is enabled, and one exists.Please don't $session->start();
INFO - 2023-02-21 02:09:35 --> Session: Class initialized using 'CodeIgniter\Session\Handlers\FileHandler' driver.
WARNING - 2023-02-21 02:09:35 --> Session: Sessions is enabled, and one exists.Please don't $session->start();
INFO - 2023-02-21 04:35:06 --> Session: Class initialized using 'CodeIgniter\Session\Handlers\FileHandler' driver.
WARNING - 2023-02-21 04:35:06 --> Session: Sessions is enabled, and one exists.Please don't $session->start();
INFO - 2023-02-21 04:35:07 --> Session: Class initialized using 'CodeIgniter\Session\Handlers\FileHandler' driver.
WARNING - 2023-02-21 04:35:07 --> Session: Sessions is enabled, and one exists.Please don't $session->start();
INFO - 2023-02-21 04:35:08 --> Session: Class initialized using 'CodeIgniter\Session\Handlers\FileHandler' driver.
WARNING - 2023-02-21 04:35:08 --> Session: Sessions is enabled, and one exists.Please don't $session->start();
CRITICAL - 2023-02-21 04:35:09 --> Invalid file: "User/Form_Data_Diri.php"
in SYSTEMPATH\Exceptions\FrameworkException.php on line 33.
 1 SYSTEMPATH\View\View.php(201): CodeIgniter\Exceptions\FrameworkException::forInvalidFile('User/Form_Data_Diri.php')
 2 SYSTEMPATH\Common.php(1184): CodeIgniter\View\View->render('User/Form_Data_Diri', [], true)
 3 APPPATH\Controllers\User_Controller.php(29): view('User/Form_Data_Diri', [...])
 4 SYSTEMPATH\CodeIgniter.php(934): App\Controllers\User_Controller->index()
 5 SYSTEMPATH\CodeIgniter.php(499): CodeIgniter\CodeIgniter->runController(Object(App\Controllers\User_Controller))
 6 SYSTEMPATH\CodeIgniter.php(368): CodeIgniter\CodeIgniter->handleRequest(null, Object(Config\Cache), false)
 7 FCPATH\index.php(67): CodeIgniter\CodeIgniter->run()
INFO - 2023-02-21 04:35:55 --> Session: Class initialized using 'CodeIgniter\Session\Handlers\FileHandler' driver.
WARNING - 2023-02-21 04:35:55 --> Session: Sessions is enabled, and one exists.Please don't $session->start();
INFO - 2023-02-21 04:36:03 --> Session: Class initialized using 'CodeIgniter\Session\Handlers\FileHandler' driver.
WARNING - 2023-02-21 04:36:03 --> Session: Sessions is enabled, and one exists.Please don't $session->start();
INFO - 2023-02-21 04:36:05 --> Session: Class initialized using 'CodeIgniter\Session\Handlers\FileHandler' driver.
WARNING - 2023-02-21 04:36:05 --> Session: Sessions is enabled, and one exists.Please don't $session->start();
INFO - 2023-02-21 04:36:06 --> Session: Class initialized using 'CodeIgniter\Session\Handlers\FileHandler' driver.
WARNING - 2023-02-21 04:36:06 --> Session: Sessions is enabled, and one exists.Please don't $session->start();
INFO - 2023-02-21 04:36:08 --> Session: Class initialized using 'CodeIgniter\Session\Handlers\FileHandler' driver.
WARNING - 2023-02-21 04:36:08 --> Session: Sessions is enabled, and one exists.Please don't $session->start();
INFO - 2023-02-21 04:36:14 --> Session: Class initialized using 'CodeIgniter\Session\Handlers\FileHandler' driver.
WARNING - 2023-02-21 04:36:14 --> Session: Sessions is enabled, and one exists.Please don't $session->start();
INFO - 2023-02-21 04:36:14 --> Session: Class initialized using 'CodeIgniter\Session\Handlers\FileHandler' driver.
WARNING - 2023-02-21 04:36:14 --> Session: Sessions is enabled, and one exists.Please don't $session->start();
INFO - 2023-02-21 04:36:17 --> Session: Class initialized using 'CodeIgniter\Session\Handlers\FileHandler' driver.
WARNING - 2023-02-21 04:36:17 --> Session: Sessions is enabled, and one exists.Please don't $session->start();
INFO - 2023-02-21 04:39:12 --> Session: Class initialized using 'CodeIgniter\Session\Handlers\FileHandler' driver.
WARNING - 2023-02-21 04:39:12 --> Session: Sessions is enabled, and one exists.Please don't $session->start();
INFO - 2023-02-21 04:39:12 --> Session: Class initialized using 'CodeIgniter\Session\Handlers\FileHandler' driver.
WARNING - 2023-02-21 04:39:12 --> Session: Sessions is enabled, and one exists.Please don't $session->start();
INFO - 2023-02-21 04:39:14 --> Session: Class initialized using 'CodeIgniter\Session\Handlers\FileHandler' driver.
WARNING - 2023-02-21 04:39:14 --> Session: Sessions is enabled, and one exists.Please don't $session->start();
INFO - 2023-02-21 04:39:18 --> Session: Class initialized using 'CodeIgniter\Session\Handlers\FileHandler' driver.
WARNING - 2023-02-21 04:39:18 --> Session: Sessions is enabled, and one exists.Please don't $session->start();
INFO - 2023-02-21 04:39:18 --> Session: Class initialized using 'CodeIgniter\Session\Handlers\FileHandler' driver.
WARNING - 2023-02-21 04:39:18 --> Session: Sessions is enabled, and one exists.Please don't $session->start();
INFO - 2023-02-21 04:43:15 --> Session: Class initialized using 'CodeIgniter\Session\Handlers\FileHandler' driver.
WARNING - 2023-02-21 04:43:15 --> Session: Sessions is enabled, and one exists.Please don't $session->start();
CRITICAL - 2023-02-21 04:43:15 --> Undefined variable: berkas
in APPPATH\Views\User\Form_Data_Diri.php on line 13.
 1 APPPATH\Views\User\Form_Data_Diri.php(13): CodeIgniter\Debug\Exceptions->errorHandler(8, 'Undefined variable: berkas', 'APPPATH\\Views\\User\\Form_Data_Diri.php', 13, [...])
 2 SYSTEMPATH\View\View.php(213): include('APPPATH\\Views\\User\\Form_Data_Diri.php')
 3 SYSTEMPATH\View\View.php(216): CodeIgniter\View\View->CodeIgniter\View\{closure}()
 4 SYSTEMPATH\Common.php(1184): CodeIgniter\View\View->render('User/Form_Data_Diri', [], true)
 5 APPPATH\Controllers\User_Controller.php(29): view('User/Form_Data_Diri', [...])
 6 SYSTEMPATH\CodeIgniter.php(934): App\Controllers\User_Controller->index()
 7 SYSTEMPATH\CodeIgniter.php(499): CodeIgniter\CodeIgniter->runController(Object(App\Controllers\User_Controller))
 8 SYSTEMPATH\CodeIgniter.php(368): CodeIgniter\CodeIgniter->handleRequest(null, Object(Config\Cache), false)
 9 FCPATH\index.php(67): CodeIgniter\CodeIgniter->run()
INFO - 2023-02-21 04:43:26 --> Session: Class initialized using 'CodeIgniter\Session\Handlers\FileHandler' driver.
WARNING - 2023-02-21 04:43:26 --> Session: Sessions is enabled, and one exists.Please don't $session->start();
CRITICAL - 2023-02-21 04:43:26 --> Undefined variable: berkascheck
in APPPATH\Views\User\Form_Data_Diri.php on line 13.
 1 APPPATH\Views\User\Form_Data_Diri.php(13): CodeIgniter\Debug\Exceptions->errorHandler(8, 'Undefined variable: berkascheck', 'APPPATH\\Views\\User\\Form_Data_Diri.php', 13, [...])
 2 SYSTEMPATH\View\View.php(213): include('APPPATH\\Views\\User\\Form_Data_Diri.php')
 3 SYSTEMPATH\View\View.php(216): CodeIgniter\View\View->CodeIgniter\View\{closure}()
 4 SYSTEMPATH\Common.php(1184): CodeIgniter\View\View->render('User/Form_Data_Diri', [], true)
 5 APPPATH\Controllers\User_Controller.php(29): view('User/Form_Data_Diri', [...])
 6 SYSTEMPATH\CodeIgniter.php(934): App\Controllers\User_Controller->index()
 7 SYSTEMPATH\CodeIgniter.php(499): CodeIgniter\CodeIgniter->runController(Object(App\Controllers\User_Controller))
 8 SYSTEMPATH\CodeIgniter.php(368): CodeIgniter\CodeIgniter->handleRequest(null, Object(Config\Cache), false)
 9 FCPATH\index.php(67): CodeIgniter\CodeIgniter->run()
INFO - 2023-02-21 04:44:26 --> Session: Class initialized using 'CodeIgniter\Session\Handlers\FileHandler' driver.
WARNING - 2023-02-21 04:44:26 --> Session: Sessions is enabled, and one exists.Please don't $session->start();
INFO - 2023-02-21 04:44:28 --> Session: Class initialized using 'CodeIgniter\Session\Handlers\FileHandler' driver.
WARNING - 2023-02-21 04:44:28 --> Session: Sessions is enabled, and one exists.Please don't $session->start();
INFO - 2023-02-21 04:44:29 --> Session: Class initialized using 'CodeIgniter\Session\Handlers\FileHandler' driver.
WARNING - 2023-02-21 04:44:29 --> Session: Sessions is enabled, and one exists.Please don't $session->start();
CRITICAL - 2023-02-21 04:44:29 --> Undefined variable: berkas
in APPPATH\Views\User\Form_Data_Diri.php on line 13.
 1 APPPATH\Views\User\Form_Data_Diri.php(13): CodeIgniter\Debug\Exceptions->errorHandler(8, 'Undefined variable: berkas', 'APPPATH\\Views\\User\\Form_Data_Diri.php', 13, [...])
 2 SYSTEMPATH\View\View.php(213): include('APPPATH\\Views\\User\\Form_Data_Diri.php')
 3 SYSTEMPATH\View\View.php(216): CodeIgniter\View\View->CodeIgniter\View\{closure}()
 4 SYSTEMPATH\Common.php(1184): CodeIgniter\View\View->render('User/Form_Data_Diri', [], true)
 5 APPPATH\Controllers\User_Controller.php(29): view('User/Form_Data_Diri', [...])
 6 SYSTEMPATH\CodeIgniter.php(934): App\Controllers\User_Controller->index()
 7 SYSTEMPATH\CodeIgniter.php(499): CodeIgniter\CodeIgniter->runController(Object(App\Controllers\User_Controller))
 8 SYSTEMPATH\CodeIgniter.php(368): CodeIgniter\CodeIgniter->handleRequest(null, Object(Config\Cache), false)
 9 FCPATH\index.php(67): CodeIgniter\CodeIgniter->run()
INFO - 2023-02-21 04:46:16 --> Session: Class initialized using 'CodeIgniter\Session\Handlers\FileHandler' driver.
WARNING - 2023-02-21 04:46:16 --> Session: Sessions is enabled, and one exists.Please don't $session->start();
CRITICAL - 2023-02-21 04:46:16 --> Undefined variable: berkas
in APPPATH\Views\User\Form_Data_Diri.php on line 13.
 1 APPPATH\Views\User\Form_Data_Diri.php(13): CodeIgniter\Debug\Exceptions->errorHandler(8, 'Undefined variable: berkas', 'APPPATH\\Views\\User\\Form_Data_Diri.php', 13, [...])
 2 SYSTEMPATH\View\View.php(213): include('APPPATH\\Views\\User\\Form_Data_Diri.php')
 3 SYSTEMPATH\View\View.php(216): CodeIgniter\View\View->CodeIgniter\View\{closure}()
 4 SYSTEMPATH\Common.php(1184): CodeIgniter\View\View->render('User/Form_Data_Diri', [], true)
 5 APPPATH\Controllers\User_Controller.php(29): view('User/Form_Data_Diri', [...])
 6 SYSTEMPATH\CodeIgniter.php(934): App\Controllers\User_Controller->index()
 7 SYSTEMPATH\CodeIgniter.php(499): CodeIgniter\CodeIgniter->runController(Object(App\Controllers\User_Controller))
 8 SYSTEMPATH\CodeIgniter.php(368): CodeIgniter\CodeIgniter->handleRequest(null, Object(Config\Cache), false)
 9 FCPATH\index.php(67): CodeIgniter\CodeIgniter->run()
INFO - 2023-02-21 04:48:23 --> Session: Class initialized using 'CodeIgniter\Session\Handlers\FileHandler' driver.
WARNING - 2023-02-21 04:48:23 --> Session: Sessions is enabled, and one exists.Please don't $session->start();
CRITICAL - 2023-02-21 04:48:23 --> Undefined variable: berkas
in APPPATH\Views\User\Form_Data_Diri.php on line 13.
 1 APPPATH\Views\User\Form_Data_Diri.php(13): CodeIgniter\Debug\Exceptions->errorHandler(8, 'Undefined variable: berkas', 'APPPATH\\Views\\User\\Form_Data_Diri.php', 13, [...])
 2 SYSTEMPATH\View\View.php(213): include('APPPATH\\Views\\User\\Form_Data_Diri.php')
 3 SYSTEMPATH\View\View.php(216): CodeIgniter\View\View->CodeIgniter\View\{closure}()
 4 SYSTEMPATH\Common.php(1184): CodeIgniter\View\View->render('User/Form_Data_Diri', [], true)
 5 APPPATH\Controllers\User_Controller.php(29): view('User/Form_Data_Diri', [...])
 6 SYSTEMPATH\CodeIgniter.php(934): App\Controllers\User_Controller->index()
 7 SYSTEMPATH\CodeIgniter.php(499): CodeIgniter\CodeIgniter->runController(Object(App\Controllers\User_Controller))
 8 SYSTEMPATH\CodeIgniter.php(368): CodeIgniter\CodeIgniter->handleRequest(null, Object(Config\Cache), false)
 9 FCPATH\index.php(67): CodeIgniter\CodeIgniter->run()
INFO - 2023-02-21 04:48:42 --> Session: Class initialized using 'CodeIgniter\Session\Handlers\FileHandler' driver.
WARNING - 2023-02-21 04:48:42 --> Session: Sessions is enabled, and one exists.Please don't $session->start();
CRITICAL - 2023-02-21 04:48:43 --> Undefined variable: berkascheck
in APPPATH\Views\User\Form_Data_Diri.php on line 13.
 1 APPPATH\Views\User\Form_Data_Diri.php(13): CodeIgniter\Debug\Exceptions->errorHandler(8, 'Undefined variable: berkascheck', 'APPPATH\\Views\\User\\Form_Data_Diri.php', 13, [...])
 2 SYSTEMPATH\View\View.php(213): include('APPPATH\\Views\\User\\Form_Data_Diri.php')
 3 SYSTEMPATH\View\View.php(216): CodeIgniter\View\View->CodeIgniter\View\{closure}()
 4 SYSTEMPATH\Common.php(1184): CodeIgniter\View\View->render('User/Form_Data_Diri', [], true)
 5 APPPATH\Controllers\User_Controller.php(29): view('User/Form_Data_Diri', [...])
 6 SYSTEMPATH\CodeIgniter.php(934): App\Controllers\User_Controller->index()
 7 SYSTEMPATH\CodeIgniter.php(499): CodeIgniter\CodeIgniter->runController(Object(App\Controllers\User_Controller))
 8 SYSTEMPATH\CodeIgniter.php(368): CodeIgniter\CodeIgniter->handleRequest(null, Object(Config\Cache), false)
 9 FCPATH\index.php(67): CodeIgniter\CodeIgniter->run()
INFO - 2023-02-21 04:49:22 --> Session: Class initialized using 'CodeIgniter\Session\Handlers\FileHandler' driver.
WARNING - 2023-02-21 04:49:22 --> Session: Sessions is enabled, and one exists.Please don't $session->start();
CRITICAL - 2023-02-21 04:49:22 --> Undefined variable: berkas
in APPPATH\Views\User\Form_Data_Diri.php on line 13.
 1 APPPATH\Views\User\Form_Data_Diri.php(13): CodeIgniter\Debug\Exceptions->errorHandler(8, 'Undefined variable: berkas', 'APPPATH\\Views\\User\\Form_Data_Diri.php', 13, [...])
 2 SYSTEMPATH\View\View.php(213): include('APPPATH\\Views\\User\\Form_Data_Diri.php')
 3 SYSTEMPATH\View\View.php(216): CodeIgniter\View\View->CodeIgniter\View\{closure}()
 4 SYSTEMPATH\Common.php(1184): CodeIgniter\View\View->render('User/Form_Data_Diri', [], true)
 5 APPPATH\Controllers\User_Controller.php(29): view('User/Form_Data_Diri', [...])
 6 SYSTEMPATH\CodeIgniter.php(934): App\Controllers\User_Controller->index()
 7 SYSTEMPATH\CodeIgniter.php(499): CodeIgniter\CodeIgniter->runController(Object(App\Controllers\User_Controller))
 8 SYSTEMPATH\CodeIgniter.php(368): CodeIgniter\CodeIgniter->handleRequest(null, Object(Config\Cache), false)
 9 FCPATH\index.php(67): CodeIgniter\CodeIgniter->run()
INFO - 2023-02-21 04:49:24 --> Session: Class initialized using 'CodeIgniter\Session\Handlers\FileHandler' driver.
WARNING - 2023-02-21 04:49:24 --> Session: Sessions is enabled, and one exists.Please don't $session->start();
CRITICAL - 2023-02-21 04:49:24 --> Undefined variable: berkas
in APPPATH\Views\User\Form_Data_Diri.php on line 13.
 1 APPPATH\Views\User\Form_Data_Diri.php(13): CodeIgniter\Debug\Exceptions->errorHandler(8, 'Undefined variable: berkas', 'APPPATH\\Views\\User\\Form_Data_Diri.php', 13, [...])
 2 SYSTEMPATH\View\View.php(213): include('APPPATH\\Views\\User\\Form_Data_Diri.php')
 3 SYSTEMPATH\View\View.php(216): CodeIgniter\View\View->CodeIgniter\View\{closure}()
 4 SYSTEMPATH\Common.php(1184): CodeIgniter\View\View->render('User/Form_Data_Diri', [], true)
 5 APPPATH\Controllers\User_Controller.php(29): view('User/Form_Data_Diri', [...])
 6 SYSTEMPATH\CodeIgniter.php(934): App\Controllers\User_Controller->index()
 7 SYSTEMPATH\CodeIgniter.php(499): CodeIgniter\CodeIgniter->runController(Object(App\Controllers\User_Controller))
 8 SYSTEMPATH\CodeIgniter.php(368): CodeIgniter\CodeIgniter->handleRequest(null, Object(Config\Cache), false)
 9 FCPATH\index.php(67): CodeIgniter\CodeIgniter->run()
INFO - 2023-02-21 04:49:34 --> Session: Class initialized using 'CodeIgniter\Session\Handlers\FileHandler' driver.
WARNING - 2023-02-21 04:49:34 --> Session: Sessions is enabled, and one exists.Please don't $session->start();
INFO - 2023-02-21 04:50:01 --> Session: Class initialized using 'CodeIgniter\Session\Handlers\FileHandler' driver.
WARNING - 2023-02-21 04:50:01 --> Session: Sessions is enabled, and one exists.Please don't $session->start();
INFO - 2023-02-21 04:50:05 --> Session: Class initialized using 'CodeIgniter\Session\Handlers\FileHandler' driver.
WARNING - 2023-02-21 04:50:05 --> Session: Sessions is enabled, and one exists.Please don't $session->start();
INFO - 2023-02-21 04:50:05 --> Session: Class initialized using 'CodeIgniter\Session\Handlers\FileHandler' driver.
WARNING - 2023-02-21 04:50:05 --> Session: Sessions is enabled, and one exists.Please don't $session->start();
CRITICAL - 2023-02-21 04:50:05 --> Undefined variable: berkas
in APPPATH\Views\User\Form_Data_Diri.php on line 13.
 1 APPPATH\Views\User\Form_Data_Diri.php(13): CodeIgniter\Debug\Exceptions->errorHandler(8, 'Undefined variable: berkas', 'APPPATH\\Views\\User\\Form_Data_Diri.php', 13, [...])
 2 SYSTEMPATH\View\View.php(213): include('APPPATH\\Views\\User\\Form_Data_Diri.php')
 3 SYSTEMPATH\View\View.php(216): CodeIgniter\View\View->CodeIgniter\View\{closure}()
 4 SYSTEMPATH\Common.php(1184): CodeIgniter\View\View->render('User/Form_Data_Diri', [], true)
 5 APPPATH\Controllers\User_Controller.php(29): view('User/Form_Data_Diri', [...])
 6 SYSTEMPATH\CodeIgniter.php(934): App\Controllers\User_Controller->index()
 7 SYSTEMPATH\CodeIgniter.php(499): CodeIgniter\CodeIgniter->runController(Object(App\Controllers\User_Controller))
 8 SYSTEMPATH\CodeIgniter.php(368): CodeIgniter\CodeIgniter->handleRequest(null, Object(Config\Cache), false)
 9 FCPATH\index.php(67): CodeIgniter\CodeIgniter->run()
INFO - 2023-02-21 04:51:46 --> Session: Class initialized using 'CodeIgniter\Session\Handlers\FileHandler' driver.
WARNING - 2023-02-21 04:51:46 --> Session: Sessions is enabled, and one exists.Please don't $session->start();
CRITICAL - 2023-02-21 04:51:46 --> Undefined variable: berkas
in APPPATH\Views\User\Form_Data_Diri.php on line 13.
 1 APPPATH\Views\User\Form_Data_Diri.php(13): CodeIgniter\Debug\Exceptions->errorHandler(8, 'Undefined variable: berkas', 'APPPATH\\Views\\User\\Form_Data_Diri.php', 13, [...])
 2 SYSTEMPATH\View\View.php(213): include('APPPATH\\Views\\User\\Form_Data_Diri.php')
 3 SYSTEMPATH\View\View.php(216): CodeIgniter\View\View->CodeIgniter\View\{closure}()
 4 SYSTEMPATH\Common.php(1184): CodeIgniter\View\View->render('User/Form_Data_Diri', [], true)
 5 APPPATH\Controllers\User_Controller.php(29): view('User/Form_Data_Diri', [...])
 6 SYSTEMPATH\CodeIgniter.php(934): App\Controllers\User_Controller->index()
 7 SYSTEMPATH\CodeIgniter.php(499): CodeIgniter\CodeIgniter->runController(Object(App\Controllers\User_Controller))
 8 SYSTEMPATH\CodeIgniter.php(368): CodeIgniter\CodeIgniter->handleRequest(null, Object(Config\Cache), false)
 9 FCPATH\index.php(67): CodeIgniter\CodeIgniter->run()
INFO - 2023-02-21 04:54:58 --> Session: Class initialized using 'CodeIgniter\Session\Handlers\FileHandler' driver.
WARNING - 2023-02-21 04:54:58 --> Session: Sessions is enabled, and one exists.Please don't $session->start();
CRITICAL - 2023-02-21 04:54:58 --> Undefined variable: berkas
in APPPATH\Views\User\Form_Data_Diri.php on line 13.
 1 APPPATH\Views\User\Form_Data_Diri.php(13): CodeIgniter\Debug\Exceptions->errorHandler(8, 'Undefined variable: berkas', 'APPPATH\\Views\\User\\Form_Data_Diri.php', 13, [...])
 2 SYSTEMPATH\View\View.php(213): include('APPPATH\\Views\\User\\Form_Data_Diri.php')
 3 SYSTEMPATH\View\View.php(216): CodeIgniter\View\View->CodeIgniter\View\{closure}()
 4 SYSTEMPATH\Common.php(1184): CodeIgniter\View\View->render('User/Form_Data_Diri', [], true)
 5 APPPATH\Controllers\User_Controller.php(29): view('User/Form_Data_Diri', [...])
 6 SYSTEMPATH\CodeIgniter.php(934): App\Controllers\User_Controller->index()
 7 SYSTEMPATH\CodeIgniter.php(499): CodeIgniter\CodeIgniter->runController(Object(App\Controllers\User_Controller))
 8 SYSTEMPATH\CodeIgniter.php(368): CodeIgniter\CodeIgniter->handleRequest(null, Object(Config\Cache), false)
 9 FCPATH\index.php(67): CodeIgniter\CodeIgniter->run()
INFO - 2023-02-21 06:14:03 --> Session: Class initialized using 'CodeIgniter\Session\Handlers\FileHandler' driver.
WARNING - 2023-02-21 06:14:03 --> Session: Sessions is enabled, and one exists.Please don't $session->start();
INFO - 2023-02-21 06:14:03 --> Session: Class initialized using 'CodeIgniter\Session\Handlers\FileHandler' driver.
WARNING - 2023-02-21 06:14:03 --> Session: Sessions is enabled, and one exists.Please don't $session->start();
INFO - 2023-02-21 06:14:10 --> Session: Class initialized using 'CodeIgniter\Session\Handlers\FileHandler' driver.
WARNING - 2023-02-21 06:14:10 --> Session: Sessions is enabled, and one exists.Please don't $session->start();
INFO - 2023-02-21 06:14:10 --> Session: Class initialized using 'CodeIgniter\Session\Handlers\FileHandler' driver.
WARNING - 2023-02-21 06:14:10 --> Session: Sessions is enabled, and one exists.Please don't $session->start();
INFO - 2023-02-21 06:14:15 --> Session: Class initialized using 'CodeIgniter\Session\Handlers\FileHandler' driver.
WARNING - 2023-02-21 06:14:15 --> Session: Sessions is enabled, and one exists.Please don't $session->start();
INFO - 2023-02-21 06:14:24 --> Session: Class initialized using 'CodeIgniter\Session\Handlers\FileHandler' driver.
WARNING - 2023-02-21 06:14:24 --> Session: Sessions is enabled, and one exists.Please don't $session->start();
INFO - 2023-02-21 06:14:24 --> Session: Class initialized using 'CodeIgniter\Session\Handlers\FileHandler' driver.
WARNING - 2023-02-21 06:14:24 --> Session: Sessions is enabled, and one exists.Please don't $session->start();
CRITICAL - 2023-02-21 06:14:24 --> Undefined variable: idcheck
in APPPATH\Views\User\Form_Data_Diri.php on line 13.
 1 APPPATH\Views\User\Form_Data_Diri.php(13): CodeIgniter\Debug\Exceptions->errorHandler(8, 'Undefined variable: idcheck', 'APPPATH\\Views\\User\\Form_Data_Diri.php', 13, [...])
 2 SYSTEMPATH\View\View.php(213): include('APPPATH\\Views\\User\\Form_Data_Diri.php')
 3 SYSTEMPATH\View\View.php(216): CodeIgniter\View\View->CodeIgniter\View\{closure}()
 4 SYSTEMPATH\Common.php(1184): CodeIgniter\View\View->render('User/Form_Data_Diri', [], true)
 5 APPPATH\Controllers\User_Controller.php(29): view('User/Form_Data_Diri', [...])
 6 SYSTEMPATH\CodeIgniter.php(934): App\Controllers\User_Controller->index()
 7 SYSTEMPATH\CodeIgniter.php(499): CodeIgniter\CodeIgniter->runController(Object(App\Controllers\User_Controller))
 8 SYSTEMPATH\CodeIgniter.php(368): CodeIgniter\CodeIgniter->handleRequest(null, Object(Config\Cache), false)
 9 FCPATH\index.php(67): CodeIgniter\CodeIgniter->run()
INFO - 2023-02-21 06:24:49 --> Session: Class initialized using 'CodeIgniter\Session\Handlers\FileHandler' driver.
WARNING - 2023-02-21 06:24:49 --> Session: Sessions is enabled, and one exists.Please don't $session->start();
CRITICAL - 2023-02-21 06:24:49 --> Undefined variable: idcheck
in APPPATH\Views\User\Form_Data_Diri.php on line 13.
 1 APPPATH\Views\User\Form_Data_Diri.php(13): CodeIgniter\Debug\Exceptions->errorHandler(8, 'Undefined variable: idcheck', 'APPPATH\\Views\\User\\Form_Data_Diri.php', 13, [...])
 2 SYSTEMPATH\View\View.php(213): include('APPPATH\\Views\\User\\Form_Data_Diri.php')
 3 SYSTEMPATH\View\View.php(216): CodeIgniter\View\View->CodeIgniter\View\{closure}()
 4 SYSTEMPATH\Common.php(1184): CodeIgniter\View\View->render('User/Form_Data_Diri', [], true)
 5 APPPATH\Controllers\User_Controller.php(29): view('User/Form_Data_Diri', [...])
 6 SYSTEMPATH\CodeIgniter.php(934): App\Controllers\User_Controller->index()
 7 SYSTEMPATH\CodeIgniter.php(499): CodeIgniter\CodeIgniter->runController(Object(App\Controllers\User_Controller))
 8 SYSTEMPATH\CodeIgniter.php(368): CodeIgniter\CodeIgniter->handleRequest(null, Object(Config\Cache), false)
 9 FCPATH\index.php(67): CodeIgniter\CodeIgniter->run()
INFO - 2023-02-21 06:25:16 --> Session: Class initialized using 'CodeIgniter\Session\Handlers\FileHandler' driver.
WARNING - 2023-02-21 06:25:16 --> Session: Sessions is enabled, and one exists.Please don't $session->start();
CRITICAL - 2023-02-21 06:25:16 --> Undefined variable: idcheck
in APPPATH\Views\User\Form_Data_Diri.php on line 13.
 1 APPPATH\Views\User\Form_Data_Diri.php(13): CodeIgniter\Debug\Exceptions->errorHandler(8, 'Undefined variable: idcheck', 'APPPATH\\Views\\User\\Form_Data_Diri.php', 13, [...])
 2 SYSTEMPATH\View\View.php(213): include('APPPATH\\Views\\User\\Form_Data_Diri.php')
 3 SYSTEMPATH\View\View.php(216): CodeIgniter\View\View->CodeIgniter\View\{closure}()
 4 SYSTEMPATH\Common.php(1184): CodeIgniter\View\View->render('User/Form_Data_Diri', [], true)
 5 APPPATH\Controllers\User_Controller.php(30): view('User/Form_Data_Diri', [...])
 6 SYSTEMPATH\CodeIgniter.php(934): App\Controllers\User_Controller->index()
 7 SYSTEMPATH\CodeIgniter.php(499): CodeIgniter\CodeIgniter->runController(Object(App\Controllers\User_Controller))
 8 SYSTEMPATH\CodeIgniter.php(368): CodeIgniter\CodeIgniter->handleRequest(null, Object(Config\Cache), false)
 9 FCPATH\index.php(67): CodeIgniter\CodeIgniter->run()
INFO - 2023-02-21 06:25:38 --> Session: Class initialized using 'CodeIgniter\Session\Handlers\FileHandler' driver.
WARNING - 2023-02-21 06:25:38 --> Session: Sessions is enabled, and one exists.Please don't $session->start();
INFO - 2023-02-21 06:26:05 --> Session: Class initialized using 'CodeIgniter\Session\Handlers\FileHandler' driver.
WARNING - 2023-02-21 06:26:05 --> Session: Sessions is enabled, and one exists.Please don't $session->start();
INFO - 2023-02-21 06:26:41 --> Session: Class initialized using 'CodeIgniter\Session\Handlers\FileHandler' driver.
WARNING - 2023-02-21 06:26:41 --> Session: Sessions is enabled, and one exists.Please don't $session->start();
CRITICAL - 2023-02-21 06:26:41 --> Undefined property: mysqli::$nama_lengkap
in APPPATH\Views\User\Form_Data_Diri.php on line 16.
 1 APPPATH\Views\User\Form_Data_Diri.php(16): CodeIgniter\Debug\Exceptions->errorHandler(8, 'Undefined property: mysqli::$nama_lengkap', 'APPPATH\\Views\\User\\Form_Data_Diri.php', 16, [...])
 2 SYSTEMPATH\View\View.php(213): include('APPPATH\\Views\\User\\Form_Data_Diri.php')
 3 SYSTEMPATH\View\View.php(216): CodeIgniter\View\View->CodeIgniter\View\{closure}()
 4 SYSTEMPATH\Common.php(1184): CodeIgniter\View\View->render('User/Form_Data_Diri', [], true)
 5 APPPATH\Controllers\User_Controller.php(28): view('User/Form_Data_Diri', [...])
 6 SYSTEMPATH\CodeIgniter.php(934): App\Controllers\User_Controller->index()
 7 SYSTEMPATH\CodeIgniter.php(499): CodeIgniter\CodeIgniter->runController(Object(App\Controllers\User_Controller))
 8 SYSTEMPATH\CodeIgniter.php(368): CodeIgniter\CodeIgniter->handleRequest(null, Object(Config\Cache), false)
 9 FCPATH\index.php(67): CodeIgniter\CodeIgniter->run()
INFO - 2023-02-21 06:27:11 --> Session: Class initialized using 'CodeIgniter\Session\Handlers\FileHandler' driver.
WARNING - 2023-02-21 06:27:11 --> Session: Sessions is enabled, and one exists.Please don't $session->start();
CRITICAL - 2023-02-21 06:27:11 --> Undefined property: mysqli::$nama_lengkap
in APPPATH\Views\User\Form_Data_Diri.php on line 16.
 1 APPPATH\Views\User\Form_Data_Diri.php(16): CodeIgniter\Debug\Exceptions->errorHandler(8, 'Undefined property: mysqli::$nama_lengkap', 'APPPATH\\Views\\User\\Form_Data_Diri.php', 16, [...])
 2 SYSTEMPATH\View\View.php(213): include('APPPATH\\Views\\User\\Form_Data_Diri.php')
 3 SYSTEMPATH\View\View.php(216): CodeIgniter\View\View->CodeIgniter\View\{closure}()
 4 SYSTEMPATH\Common.php(1184): CodeIgniter\View\View->render('User/Form_Data_Diri', [], true)
 5 APPPATH\Controllers\User_Controller.php(29): view('User/Form_Data_Diri', [...])
 6 SYSTEMPATH\CodeIgniter.php(934): App\Controllers\User_Controller->index()
 7 SYSTEMPATH\CodeIgniter.php(499): CodeIgniter\CodeIgniter->runController(Object(App\Controllers\User_Controller))
 8 SYSTEMPATH\CodeIgniter.php(368): CodeIgniter\CodeIgniter->handleRequest(null, Object(Config\Cache), false)
 9 FCPATH\index.php(67): CodeIgniter\CodeIgniter->run()
INFO - 2023-02-21 06:27:27 --> Session: Class initialized using 'CodeIgniter\Session\Handlers\FileHandler' driver.
WARNING - 2023-02-21 06:27:27 --> Session: Sessions is enabled, and one exists.Please don't $session->start();
INFO - 2023-02-21 06:30:39 --> Session: Class initialized using 'CodeIgniter\Session\Handlers\FileHandler' driver.
WARNING - 2023-02-21 06:30:39 --> Session: Sessions is enabled, and one exists.Please don't $session->start();
INFO - 2023-02-21 06:39:34 --> Session: Class initialized using 'CodeIgniter\Session\Handlers\FileHandler' driver.
WARNING - 2023-02-21 06:39:34 --> Session: Sessions is enabled, and one exists.Please don't $session->start();
CRITICAL - 2023-02-21 06:47:10 --> syntax error, unexpected '}', expecting ';'
in APPPATH\Controllers\User_Controller.php on line 57.
 1 SYSTEMPATH\Router\Router.php(507): CodeIgniter\Router\AutoRouter->getRoute('User_Controller/index')
 2 SYSTEMPATH\Router\Router.php(206): CodeIgniter\Router\Router->autoRoute('User_Controller/index')
 3 SYSTEMPATH\CodeIgniter.php(815): CodeIgniter\Router\Router->handle('User_Controller/index')
 4 SYSTEMPATH\CodeIgniter.php(449): CodeIgniter\CodeIgniter->tryToRouteIt(Object(CodeIgniter\Router\RouteCollection))
 5 SYSTEMPATH\CodeIgniter.php(368): CodeIgniter\CodeIgniter->handleRequest(null, Object(Config\Cache), false)
 6 FCPATH\index.php(67): CodeIgniter\CodeIgniter->run()
INFO - 2023-02-21 06:47:16 --> Session: Class initialized using 'CodeIgniter\Session\Handlers\FileHandler' driver.
WARNING - 2023-02-21 06:47:16 --> Session: Sessions is enabled, and one exists.Please don't $session->start();
INFO - 2023-02-21 06:47:28 --> Session: Class initialized using 'CodeIgniter\Session\Handlers\FileHandler' driver.
WARNING - 2023-02-21 06:47:28 --> Session: Sessions is enabled, and one exists.Please don't $session->start();
INFO - 2023-02-21 06:47:29 --> Session: Class initialized using 'CodeIgniter\Session\Handlers\FileHandler' driver.
WARNING - 2023-02-21 06:47:29 --> Session: Sessions is enabled, and one exists.Please don't $session->start();
INFO - 2023-02-21 06:57:54 --> Session: Class initialized using 'CodeIgniter\Session\Handlers\FileHandler' driver.
WARNING - 2023-02-21 06:57:54 --> Session: Sessions is enabled, and one exists.Please don't $session->start();
INFO - 2023-02-21 07:00:39 --> Session: Class initialized using 'CodeIgniter\Session\Handlers\FileHandler' driver.
WARNING - 2023-02-21 07:00:39 --> Session: Sessions is enabled, and one exists.Please don't $session->start();
INFO - 2023-02-21 07:36:44 --> Session: Class initialized using 'CodeIgniter\Session\Handlers\FileHandler' driver.
WARNING - 2023-02-21 07:36:44 --> Session: Sessions is enabled, and one exists.Please don't $session->start();
INFO - 2023-02-21 07:36:44 --> Session: Class initialized using 'CodeIgniter\Session\Handlers\FileHandler' driver.
WARNING - 2023-02-21 07:36:44 --> Session: Sessions is enabled, and one exists.Please don't $session->start();
INFO - 2023-02-21 07:36:49 --> Session: Class initialized using 'CodeIgniter\Session\Handlers\FileHandler' driver.
WARNING - 2023-02-21 07:36:49 --> Session: Sessions is enabled, and one exists.Please don't $session->start();
INFO - 2023-02-21 07:36:49 --> Session: Class initialized using 'CodeIgniter\Session\Handlers\FileHandler' driver.
WARNING - 2023-02-21 07:36:49 --> Session: Sessions is enabled, and one exists.Please don't $session->start();
WARNING - 2023-02-21 07:40:41 --> [DEPRECATED] The behavior of unparenthesized expressions containing both '.' and '+'/'-' will change in PHP 8: '+'/'-' will take a higher precedence in APPPATH\Controllers\User_Controller.php on line 65.
 1 SYSTEMPATH\Router\AutoRouter.php(147): include_once()
 2 SYSTEMPATH\Router\Router.php(507): CodeIgniter\Router\AutoRouter->getRoute('User_Controller/index')
 3 SYSTEMPATH\Router\Router.php(206): CodeIgniter\Router\Router->autoRoute('User_Controller/index')
 4 SYSTEMPATH\CodeIgniter.php(815): CodeIgniter\Router\Router->handle('User_Controller/index')
 5 SYSTEMPATH\CodeIgniter.php(449): CodeIgniter\CodeIgniter->tryToRouteIt(Object(CodeIgniter\Router\RouteCollection))
 6 SYSTEMPATH\CodeIgniter.php(368): CodeIgniter\CodeIgniter->handleRequest(null, Object(Config\Cache), false)
 7 FCPATH\index.php(67): CodeIgniter\CodeIgniter->run()
INFO - 2023-02-21 07:40:41 --> Session: Class initialized using 'CodeIgniter\Session\Handlers\FileHandler' driver.
WARNING - 2023-02-21 07:40:41 --> Session: Sessions is enabled, and one exists.Please don't $session->start();
WARNING - 2023-02-21 07:42:23 --> [DEPRECATED] The behavior of unparenthesized expressions containing both '.' and '+'/'-' will change in PHP 8: '+'/'-' will take a higher precedence in APPPATH\Controllers\User_Controller.php on line 65.
 1 SYSTEMPATH\Router\AutoRouter.php(147): include_once()
 2 SYSTEMPATH\Router\Router.php(507): CodeIgniter\Router\AutoRouter->getRoute('User_Controller/index')
 3 SYSTEMPATH\Router\Router.php(206): CodeIgniter\Router\Router->autoRoute('User_Controller/index')
 4 SYSTEMPATH\CodeIgniter.php(815): CodeIgniter\Router\Router->handle('User_Controller/index')
 5 SYSTEMPATH\CodeIgniter.php(449): CodeIgniter\CodeIgniter->tryToRouteIt(Object(CodeIgniter\Router\RouteCollection))
 6 SYSTEMPATH\CodeIgniter.php(368): CodeIgniter\CodeIgniter->handleRequest(null, Object(Config\Cache), false)
 7 FCPATH\index.php(67): CodeIgniter\CodeIgniter->run()
INFO - 2023-02-21 07:42:23 --> Session: Class initialized using 'CodeIgniter\Session\Handlers\FileHandler' driver.
WARNING - 2023-02-21 07:42:23 --> Session: Sessions is enabled, and one exists.Please don't $session->start();
INFO - 2023-02-21 08:14:38 --> Session: Class initialized using 'CodeIgniter\Session\Handlers\FileHandler' driver.
WARNING - 2023-02-21 08:14:38 --> Session: Sessions is enabled, and one exists.Please don't $session->start();
INFO - 2023-02-21 08:14:39 --> Session: Class initialized using 'CodeIgniter\Session\Handlers\FileHandler' driver.
WARNING - 2023-02-21 08:14:39 --> Session: Sessions is enabled, and one exists.Please don't $session->start();
INFO - 2023-02-21 08:14:43 --> Session: Class initialized using 'CodeIgniter\Session\Handlers\FileHandler' driver.
WARNING - 2023-02-21 08:14:43 --> Session: Sessions is enabled, and one exists.Please don't $session->start();
INFO - 2023-02-21 08:14:43 --> Session: Class initialized using 'CodeIgniter\Session\Handlers\FileHandler' driver.
WARNING - 2023-02-21 08:14:43 --> Session: Sessions is enabled, and one exists.Please don't $session->start();
INFO - 2023-02-21 08:14:58 --> Session: Class initialized using 'CodeIgniter\Session\Handlers\FileHandler' driver.
WARNING - 2023-02-21 08:14:58 --> Session: Sessions is enabled, and one exists.Please don't $session->start();
INFO - 2023-02-21 08:15:03 --> Session: Class initialized using 'CodeIgniter\Session\Handlers\FileHandler' driver.
WARNING - 2023-02-21 08:15:03 --> Session: Sessions is enabled, and one exists.Please don't $session->start();
INFO - 2023-02-21 08:15:03 --> Session: Class initialized using 'CodeIgniter\Session\Handlers\FileHandler' driver.
WARNING - 2023-02-21 08:15:03 --> Session: Sessions is enabled, and one exists.Please don't $session->start();
INFO - 2023-02-21 08:15:13 --> Session: Class initialized using 'CodeIgniter\Session\Handlers\FileHandler' driver.
WARNING - 2023-02-21 08:15:13 --> Session: Sessions is enabled, and one exists.Please don't $session->start();
INFO - 2023-02-21 08:16:42 --> Session: Class initialized using 'CodeIgniter\Session\Handlers\FileHandler' driver.
WARNING - 2023-02-21 08:16:42 --> Session: Sessions is enabled, and one exists.Please don't $session->start();
INFO - 2023-02-21 08:17:10 --> Session: Class initialized using 'CodeIgniter\Session\Handlers\FileHandler' driver.
WARNING - 2023-02-21 08:17:10 --> Session: Sessions is enabled, and one exists.Please don't $session->start();
INFO - 2023-02-21 08:18:31 --> Session: Class initialized using 'CodeIgniter\Session\Handlers\FileHandler' driver.
WARNING - 2023-02-21 08:18:31 --> Session: Sessions is enabled, and one exists.Please don't $session->start();
INFO - 2023-02-21 08:19:24 --> Session: Class initialized using 'CodeIgniter\Session\Handlers\FileHandler' driver.
WARNING - 2023-02-21 08:19:24 --> Session: Sessions is enabled, and one exists.Please don't $session->start();
INFO - 2023-02-21 08:27:30 --> Session: Class initialized using 'CodeIgniter\Session\Handlers\FileHandler' driver.
WARNING - 2023-02-21 08:27:30 --> Session: Sessions is enabled, and one exists.Please don't $session->start();
INFO - 2023-02-21 08:27:40 --> Session: Class initialized using 'CodeIgniter\Session\Handlers\FileHandler' driver.
WARNING - 2023-02-21 08:27:40 --> Session: Sessions is enabled, and one exists.Please don't $session->start();
INFO - 2023-02-21 08:27:49 --> Session: Class initialized using 'CodeIgniter\Session\Handlers\FileHandler' driver.
WARNING - 2023-02-21 08:27:49 --> Session: Sessions is enabled, and one exists.Please don't $session->start();
INFO - 2023-02-21 08:27:54 --> Session: Class initialized using 'CodeIgniter\Session\Handlers\FileHandler' driver.
WARNING - 2023-02-21 08:27:54 --> Session: Sessions is enabled, and one exists.Please don't $session->start();
INFO - 2023-02-21 08:27:54 --> Session: Class initialized using 'CodeIgniter\Session\Handlers\FileHandler' driver.
WARNING - 2023-02-21 08:27:54 --> Session: Sessions is enabled, and one exists.Please don't $session->start();
INFO - 2023-02-21 08:29:44 --> Session: Class initialized using 'CodeIgniter\Session\Handlers\FileHandler' driver.
WARNING - 2023-02-21 08:29:44 --> Session: Sessions is enabled, and one exists.Please don't $session->start();
INFO - 2023-02-21 08:44:07 --> Session: Class initialized using 'CodeIgniter\Session\Handlers\FileHandler' driver.
WARNING - 2023-02-21 08:44:07 --> Session: Sessions is enabled, and one exists.Please don't $session->start();
INFO - 2023-02-21 08:44:08 --> Session: Class initialized using 'CodeIgniter\Session\Handlers\FileHandler' driver.
WARNING - 2023-02-21 08:44:08 --> Session: Sessions is enabled, and one exists.Please don't $session->start();
INFO - 2023-02-21 08:44:13 --> Session: Class initialized using 'CodeIgniter\Session\Handlers\FileHandler' driver.
WARNING - 2023-02-21 08:44:13 --> Session: Sessions is enabled, and one exists.Please don't $session->start();
INFO - 2023-02-21 08:44:14 --> Session: Class initialized using 'CodeIgniter\Session\Handlers\FileHandler' driver.
WARNING - 2023-02-21 08:44:14 --> Session: Sessions is enabled, and one exists.Please don't $session->start();
INFO - 2023-02-21 08:48:17 --> Session: Class initialized using 'CodeIgniter\Session\Handlers\FileHandler' driver.
WARNING - 2023-02-21 08:48:17 --> Session: Sessions is enabled, and one exists.Please don't $session->start();
INFO - 2023-02-21 08:48:19 --> Session: Class initialized using 'CodeIgniter\Session\Handlers\FileHandler' driver.
WARNING - 2023-02-21 08:48:19 --> Session: Sessions is enabled, and one exists.Please don't $session->start();
INFO - 2023-02-21 08:48:26 --> Session: Class initialized using 'CodeIgniter\Session\Handlers\FileHandler' driver.
WARNING - 2023-02-21 08:48:26 --> Session: Sessions is enabled, and one exists.Please don't $session->start();
CRITICAL - 2023-02-21 08:48:26 --> Call to a member function getRandomName() on null
in APPPATH\Controllers\User_Controller.php on line 65.
 1 SYSTEMPATH\CodeIgniter.php(934): App\Controllers\User_Controller->submit_ktpsuami()
 2 SYSTEMPATH\CodeIgniter.php(499): CodeIgniter\CodeIgniter->runController(Object(App\Controllers\User_Controller))
 3 SYSTEMPATH\CodeIgniter.php(368): CodeIgniter\CodeIgniter->handleRequest(null, Object(Config\Cache), false)
 4 FCPATH\index.php(67): CodeIgniter\CodeIgniter->run()
INFO - 2023-02-21 08:48:26 --> Session: Class initialized using 'CodeIgniter\Session\Handlers\FileHandler' driver.
WARNING - 2023-02-21 08:48:26 --> Session: Sessions is enabled, and one exists.Please don't $session->start();
CRITICAL - 2023-02-21 08:48:26 --> Call to a member function getRandomName() on null
in APPPATH\Controllers\User_Controller.php on line 65.
 1 SYSTEMPATH\CodeIgniter.php(934): App\Controllers\User_Controller->submit_ktpsuami()
 2 SYSTEMPATH\CodeIgniter.php(499): CodeIgniter\CodeIgniter->runController(Object(App\Controllers\User_Controller))
 3 SYSTEMPATH\CodeIgniter.php(368): CodeIgniter\CodeIgniter->handleRequest(null, Object(Config\Cache), false)
 4 FCPATH\index.php(67): CodeIgniter\CodeIgniter->run()
INFO - 2023-02-21 08:53:17 --> Session: Class initialized using 'CodeIgniter\Session\Handlers\FileHandler' driver.
WARNING - 2023-02-21 08:53:17 --> Session: Sessions is enabled, and one exists.Please don't $session->start();
INFO - 2023-02-21 08:53:20 --> Session: Class initialized using 'CodeIgniter\Session\Handlers\FileHandler' driver.
WARNING - 2023-02-21 08:53:20 --> Session: Sessions is enabled, and one exists.Please don't $session->start();
INFO - 2023-02-21 08:53:22 --> Session: Class initialized using 'CodeIgniter\Session\Handlers\FileHandler' driver.
WARNING - 2023-02-21 08:53:22 --> Session: Sessions is enabled, and one exists.Please don't $session->start();
INFO - 2023-02-21 08:53:23 --> Session: Class initialized using 'CodeIgniter\Session\Handlers\FileHandler' driver.
WARNING - 2023-02-21 08:53:23 --> Session: Sessions is enabled, and one exists.Please don't $session->start();
INFO - 2023-02-21 08:53:52 --> Session: Class initialized using 'CodeIgniter\Session\Handlers\FileHandler' driver.
WARNING - 2023-02-21 08:53:52 --> Session: Sessions is enabled, and one exists.Please don't $session->start();
INFO - 2023-02-21 08:57:58 --> Session: Class initialized using 'CodeIgniter\Session\Handlers\FileHandler' driver.
WARNING - 2023-02-21 08:57:58 --> Session: Sessions is enabled, and one exists.Please don't $session->start();
INFO - 2023-02-21 09:13:54 --> Session: Class initialized using 'CodeIgniter\Session\Handlers\FileHandler' driver.
WARNING - 2023-02-21 09:13:54 --> Session: Sessions is enabled, and one exists.Please don't $session->start();
INFO - 2023-02-21 09:13:54 --> Session: Class initialized using 'CodeIgniter\Session\Handlers\FileHandler' driver.
WARNING - 2023-02-21 09:13:54 --> Session: Sessions is enabled, and one exists.Please don't $session->start();
INFO - 2023-02-21 09:13:58 --> Session: Class initialized using 'CodeIgniter\Session\Handlers\FileHandler' driver.
WARNING - 2023-02-21 09:13:58 --> Session: Sessions is enabled, and one exists.Please don't $session->start();
INFO - 2023-02-21 09:13:58 --> Session: Class initialized using 'CodeIgniter\Session\Handlers\FileHandler' driver.
WARNING - 2023-02-21 09:13:58 --> Session: Sessions is enabled, and one exists.Please don't $session->start();
INFO - 2023-02-21 09:14:07 --> Session: Class initialized using 'CodeIgniter\Session\Handlers\FileHandler' driver.
WARNING - 2023-02-21 09:14:07 --> Session: Sessions is enabled, and one exists.Please don't $session->start();
CRITICAL - 2023-02-21 09:14:07 --> Call to a member function getRandomName() on null
in APPPATH\Controllers\User_Controller.php on line 65.
 1 SYSTEMPATH\CodeIgniter.php(934): App\Controllers\User_Controller->submit_ktpsuami()
 2 SYSTEMPATH\CodeIgniter.php(499): CodeIgniter\CodeIgniter->runController(Object(App\Controllers\User_Controller))
 3 SYSTEMPATH\CodeIgniter.php(368): CodeIgniter\CodeIgniter->handleRequest(null, Object(Config\Cache), false)
 4 FCPATH\index.php(67): CodeIgniter\CodeIgniter->run()
INFO - 2023-02-21 09:14:53 --> Session: Class initialized using 'CodeIgniter\Session\Handlers\FileHandler' driver.
WARNING - 2023-02-21 09:14:53 --> Session: Sessions is enabled, and one exists.Please don't $session->start();
CRITICAL - 2023-02-21 09:14:53 --> Call to a member function getRandomName() on null
in APPPATH\Controllers\User_Controller.php on line 65.
 1 SYSTEMPATH\CodeIgniter.php(934): App\Controllers\User_Controller->submit_ktpsuami()
 2 SYSTEMPATH\CodeIgniter.php(499): CodeIgniter\CodeIgniter->runController(Object(App\Controllers\User_Controller))
 3 SYSTEMPATH\CodeIgniter.php(368): CodeIgniter\CodeIgniter->handleRequest(null, Object(Config\Cache), false)
 4 FCPATH\index.php(67): CodeIgniter\CodeIgniter->run()
INFO - 2023-02-21 09:15:53 --> Session: Class initialized using 'CodeIgniter\Session\Handlers\FileHandler' driver.
WARNING - 2023-02-21 09:15:53 --> Session: Sessions is enabled, and one exists.Please don't $session->start();
INFO - 2023-02-21 09:16:04 --> Session: Class initialized using 'CodeIgniter\Session\Handlers\FileHandler' driver.
WARNING - 2023-02-21 09:16:04 --> Session: Sessions is enabled, and one exists.Please don't $session->start();
CRITICAL - 2023-02-21 09:16:04 --> Call to a member function getRandomName() on null
in APPPATH\Controllers\User_Controller.php on line 65.
 1 SYSTEMPATH\CodeIgniter.php(934): App\Controllers\User_Controller->submit_ktpsuami()
 2 SYSTEMPATH\CodeIgniter.php(499): CodeIgniter\CodeIgniter->runController(Object(App\Controllers\User_Controller))
 3 SYSTEMPATH\CodeIgniter.php(368): CodeIgniter\CodeIgniter->handleRequest(null, Object(Config\Cache), false)
 4 FCPATH\index.php(67): CodeIgniter\CodeIgniter->run()
INFO - 2023-02-21 09:16:04 --> Session: Class initialized using 'CodeIgniter\Session\Handlers\FileHandler' driver.
WARNING - 2023-02-21 09:16:04 --> Session: Sessions is enabled, and one exists.Please don't $session->start();
CRITICAL - 2023-02-21 09:16:04 --> Call to a member function getRandomName() on null
in APPPATH\Controllers\User_Controller.php on line 65.
 1 SYSTEMPATH\CodeIgniter.php(934): App\Controllers\User_Controller->submit_ktpsuami()
 2 SYSTEMPATH\CodeIgniter.php(499): CodeIgniter\CodeIgniter->runController(Object(App\Controllers\User_Controller))
 3 SYSTEMPATH\CodeIgniter.php(368): CodeIgniter\CodeIgniter->handleRequest(null, Object(Config\Cache), false)
 4 FCPATH\index.php(67): CodeIgniter\CodeIgniter->run()
