INFO - 2023-02-22 02:08:45 --> Session: Class initialized using 'CodeIgniter\Session\Handlers\FileHandler' driver.
WARNING - 2023-02-22 02:08:45 --> Session: Sessions is enabled, and one exists.Please don't $session->start();
INFO - 2023-02-22 02:08:49 --> Session: Class initialized using 'CodeIgniter\Session\Handlers\FileHandler' driver.
WARNING - 2023-02-22 02:08:49 --> Session: Sessions is enabled, and one exists.Please don't $session->start();
INFO - 2023-02-22 02:10:29 --> Session: Class initialized using 'CodeIgniter\Session\Handlers\FileHandler' driver.
WARNING - 2023-02-22 02:10:29 --> Session: Sessions is enabled, and one exists.Please don't $session->start();
INFO - 2023-02-22 02:10:34 --> Session: Class initialized using 'CodeIgniter\Session\Handlers\FileHandler' driver.
WARNING - 2023-02-22 02:10:34 --> Session: Sessions is enabled, and one exists.Please don't $session->start();
INFO - 2023-02-22 02:10:35 --> Session: Class initialized using 'CodeIgniter\Session\Handlers\FileHandler' driver.
WARNING - 2023-02-22 02:10:35 --> Session: Sessions is enabled, and one exists.Please don't $session->start();
INFO - 2023-02-22 02:11:01 --> Session: Class initialized using 'CodeIgniter\Session\Handlers\FileHandler' driver.
WARNING - 2023-02-22 02:11:01 --> Session: Sessions is enabled, and one exists.Please don't $session->start();
INFO - 2023-02-22 02:18:52 --> Session: Class initialized using 'CodeIgniter\Session\Handlers\FileHandler' driver.
WARNING - 2023-02-22 02:18:52 --> Session: Sessions is enabled, and one exists.Please don't $session->start();
INFO - 2023-02-22 02:18:58 --> Session: Class initialized using 'CodeIgniter\Session\Handlers\FileHandler' driver.
WARNING - 2023-02-22 02:18:58 --> Session: Sessions is enabled, and one exists.Please don't $session->start();
INFO - 2023-02-22 02:18:58 --> Session: Class initialized using 'CodeIgniter\Session\Handlers\FileHandler' driver.
WARNING - 2023-02-22 02:18:58 --> Session: Sessions is enabled, and one exists.Please don't $session->start();
INFO - 2023-02-22 02:19:13 --> Session: Class initialized using 'CodeIgniter\Session\Handlers\FileHandler' driver.
WARNING - 2023-02-22 02:19:13 --> Session: Sessions is enabled, and one exists.Please don't $session->start();
CRITICAL - 2023-02-22 02:19:13 --> Call to a member function getRandomName() on null
in APPPATH\Controllers\User_Controller.php on line 65.
 1 SYSTEMPATH\CodeIgniter.php(934): App\Controllers\User_Controller->submit_ktpsuami()
 2 SYSTEMPATH\CodeIgniter.php(499): CodeIgniter\CodeIgniter->runController(Object(App\Controllers\User_Controller))
 3 SYSTEMPATH\CodeIgniter.php(368): CodeIgniter\CodeIgniter->handleRequest(null, Object(Config\Cache), false)
 4 FCPATH\index.php(67): CodeIgniter\CodeIgniter->run()
INFO - 2023-02-22 02:19:24 --> Session: Class initialized using 'CodeIgniter\Session\Handlers\FileHandler' driver.
WARNING - 2023-02-22 02:19:24 --> Session: Sessions is enabled, and one exists.Please don't $session->start();
CRITICAL - 2023-02-22 02:19:24 --> Call to a member function getRandomName() on null
in APPPATH\Controllers\User_Controller.php on line 65.
 1 SYSTEMPATH\CodeIgniter.php(934): App\Controllers\User_Controller->submit_ktpsuami()
 2 SYSTEMPATH\CodeIgniter.php(499): CodeIgniter\CodeIgniter->runController(Object(App\Controllers\User_Controller))
 3 SYSTEMPATH\CodeIgniter.php(368): CodeIgniter\CodeIgniter->handleRequest(null, Object(Config\Cache), false)
 4 FCPATH\index.php(67): CodeIgniter\CodeIgniter->run()
INFO - 2023-02-22 02:19:25 --> Session: Class initialized using 'CodeIgniter\Session\Handlers\FileHandler' driver.
WARNING - 2023-02-22 02:19:25 --> Session: Sessions is enabled, and one exists.Please don't $session->start();
CRITICAL - 2023-02-22 02:19:25 --> Call to a member function getRandomName() on null
in APPPATH\Controllers\User_Controller.php on line 65.
 1 SYSTEMPATH\CodeIgniter.php(934): App\Controllers\User_Controller->submit_ktpsuami()
 2 SYSTEMPATH\CodeIgniter.php(499): CodeIgniter\CodeIgniter->runController(Object(App\Controllers\User_Controller))
 3 SYSTEMPATH\CodeIgniter.php(368): CodeIgniter\CodeIgniter->handleRequest(null, Object(Config\Cache), false)
 4 FCPATH\index.php(67): CodeIgniter\CodeIgniter->run()
INFO - 2023-02-22 02:21:48 --> Session: Class initialized using 'CodeIgniter\Session\Handlers\FileHandler' driver.
WARNING - 2023-02-22 02:21:48 --> Session: Sessions is enabled, and one exists.Please don't $session->start();
CRITICAL - 2023-02-22 02:21:48 --> Call to a member function getRandomName() on null
in APPPATH\Controllers\User_Controller.php on line 65.
 1 SYSTEMPATH\CodeIgniter.php(934): App\Controllers\User_Controller->submit_ktpsuami()
 2 SYSTEMPATH\CodeIgniter.php(499): CodeIgniter\CodeIgniter->runController(Object(App\Controllers\User_Controller))
 3 SYSTEMPATH\CodeIgniter.php(368): CodeIgniter\CodeIgniter->handleRequest(null, Object(Config\Cache), false)
 4 FCPATH\index.php(67): CodeIgniter\CodeIgniter->run()
INFO - 2023-02-22 02:21:49 --> Session: Class initialized using 'CodeIgniter\Session\Handlers\FileHandler' driver.
WARNING - 2023-02-22 02:21:49 --> Session: Sessions is enabled, and one exists.Please don't $session->start();
CRITICAL - 2023-02-22 02:21:49 --> Call to a member function getRandomName() on null
in APPPATH\Controllers\User_Controller.php on line 65.
 1 SYSTEMPATH\CodeIgniter.php(934): App\Controllers\User_Controller->submit_ktpsuami()
 2 SYSTEMPATH\CodeIgniter.php(499): CodeIgniter\CodeIgniter->runController(Object(App\Controllers\User_Controller))
 3 SYSTEMPATH\CodeIgniter.php(368): CodeIgniter\CodeIgniter->handleRequest(null, Object(Config\Cache), false)
 4 FCPATH\index.php(67): CodeIgniter\CodeIgniter->run()
INFO - 2023-02-22 02:21:49 --> Session: Class initialized using 'CodeIgniter\Session\Handlers\FileHandler' driver.
WARNING - 2023-02-22 02:21:49 --> Session: Sessions is enabled, and one exists.Please don't $session->start();
CRITICAL - 2023-02-22 02:21:49 --> Call to a member function getRandomName() on null
in APPPATH\Controllers\User_Controller.php on line 65.
 1 SYSTEMPATH\CodeIgniter.php(934): App\Controllers\User_Controller->submit_ktpsuami()
 2 SYSTEMPATH\CodeIgniter.php(499): CodeIgniter\CodeIgniter->runController(Object(App\Controllers\User_Controller))
 3 SYSTEMPATH\CodeIgniter.php(368): CodeIgniter\CodeIgniter->handleRequest(null, Object(Config\Cache), false)
 4 FCPATH\index.php(67): CodeIgniter\CodeIgniter->run()
INFO - 2023-02-22 02:21:49 --> Session: Class initialized using 'CodeIgniter\Session\Handlers\FileHandler' driver.
WARNING - 2023-02-22 02:21:49 --> Session: Sessions is enabled, and one exists.Please don't $session->start();
CRITICAL - 2023-02-22 02:21:49 --> Call to a member function getRandomName() on null
in APPPATH\Controllers\User_Controller.php on line 65.
 1 SYSTEMPATH\CodeIgniter.php(934): App\Controllers\User_Controller->submit_ktpsuami()
 2 SYSTEMPATH\CodeIgniter.php(499): CodeIgniter\CodeIgniter->runController(Object(App\Controllers\User_Controller))
 3 SYSTEMPATH\CodeIgniter.php(368): CodeIgniter\CodeIgniter->handleRequest(null, Object(Config\Cache), false)
 4 FCPATH\index.php(67): CodeIgniter\CodeIgniter->run()
INFO - 2023-02-22 02:27:47 --> Session: Class initialized using 'CodeIgniter\Session\Handlers\FileHandler' driver.
WARNING - 2023-02-22 02:27:47 --> Session: Sessions is enabled, and one exists.Please don't $session->start();
INFO - 2023-02-22 03:10:20 --> Session: Class initialized using 'CodeIgniter\Session\Handlers\FileHandler' driver.
WARNING - 2023-02-22 03:10:20 --> Session: Sessions is enabled, and one exists.Please don't $session->start();
INFO - 2023-02-22 03:10:20 --> Session: Class initialized using 'CodeIgniter\Session\Handlers\FileHandler' driver.
WARNING - 2023-02-22 03:10:20 --> Session: Sessions is enabled, and one exists.Please don't $session->start();
INFO - 2023-02-22 03:10:27 --> Session: Class initialized using 'CodeIgniter\Session\Handlers\FileHandler' driver.
WARNING - 2023-02-22 03:10:27 --> Session: Sessions is enabled, and one exists.Please don't $session->start();
INFO - 2023-02-22 03:10:28 --> Session: Class initialized using 'CodeIgniter\Session\Handlers\FileHandler' driver.
WARNING - 2023-02-22 03:10:28 --> Session: Sessions is enabled, and one exists.Please don't $session->start();
INFO - 2023-02-22 03:13:11 --> Session: Class initialized using 'CodeIgniter\Session\Handlers\FileHandler' driver.
WARNING - 2023-02-22 03:13:11 --> Session: Sessions is enabled, and one exists.Please don't $session->start();
INFO - 2023-02-22 03:26:12 --> Session: Class initialized using 'CodeIgniter\Session\Handlers\FileHandler' driver.
WARNING - 2023-02-22 03:26:12 --> Session: Sessions is enabled, and one exists.Please don't $session->start();
INFO - 2023-02-22 03:26:12 --> Session: Class initialized using 'CodeIgniter\Session\Handlers\FileHandler' driver.
WARNING - 2023-02-22 03:26:12 --> Session: Sessions is enabled, and one exists.Please don't $session->start();
INFO - 2023-02-22 03:26:16 --> Session: Class initialized using 'CodeIgniter\Session\Handlers\FileHandler' driver.
WARNING - 2023-02-22 03:26:16 --> Session: Sessions is enabled, and one exists.Please don't $session->start();
INFO - 2023-02-22 03:26:17 --> Session: Class initialized using 'CodeIgniter\Session\Handlers\FileHandler' driver.
WARNING - 2023-02-22 03:26:17 --> Session: Sessions is enabled, and one exists.Please don't $session->start();
INFO - 2023-02-22 03:26:31 --> Session: Class initialized using 'CodeIgniter\Session\Handlers\FileHandler' driver.
WARNING - 2023-02-22 03:26:31 --> Session: Sessions is enabled, and one exists.Please don't $session->start();
INFO - 2023-02-22 03:26:35 --> Session: Class initialized using 'CodeIgniter\Session\Handlers\FileHandler' driver.
WARNING - 2023-02-22 03:26:35 --> Session: Sessions is enabled, and one exists.Please don't $session->start();
INFO - 2023-02-22 03:27:44 --> Session: Class initialized using 'CodeIgniter\Session\Handlers\FileHandler' driver.
WARNING - 2023-02-22 03:27:44 --> Session: Sessions is enabled, and one exists.Please don't $session->start();
INFO - 2023-02-22 03:27:59 --> Session: Class initialized using 'CodeIgniter\Session\Handlers\FileHandler' driver.
WARNING - 2023-02-22 03:27:59 --> Session: Sessions is enabled, and one exists.Please don't $session->start();
INFO - 2023-02-22 03:33:26 --> Session: Class initialized using 'CodeIgniter\Session\Handlers\FileHandler' driver.
WARNING - 2023-02-22 03:33:26 --> Session: Sessions is enabled, and one exists.Please don't $session->start();
CRITICAL - 2023-02-22 03:33:26 --> Use of undefined constant PUBLICPATH - assumed 'PUBLICPATH' (this will throw an Error in a future version of PHP)
in APPPATH\Controllers\User_Controller.php on line 66.
 1 APPPATH\Controllers\User_Controller.php(66): CodeIgniter\Debug\Exceptions->errorHandler(2, 'Use of undefined constant PUBLICPATH - assumed \'PUBLICPATH\' (this will throw an Error in a future version of PHP)', 'APPPATH\\Controllers\\User_Controller.php', 66, [...])
 2 SYSTEMPATH\CodeIgniter.php(934): App\Controllers\User_Controller->submit_ktpsuami()
 3 SYSTEMPATH\CodeIgniter.php(499): CodeIgniter\CodeIgniter->runController(Object(App\Controllers\User_Controller))
 4 SYSTEMPATH\CodeIgniter.php(368): CodeIgniter\CodeIgniter->handleRequest(null, Object(Config\Cache), false)
 5 FCPATH\index.php(67): CodeIgniter\CodeIgniter->run()
INFO - 2023-02-22 03:33:46 --> Session: Class initialized using 'CodeIgniter\Session\Handlers\FileHandler' driver.
WARNING - 2023-02-22 03:33:46 --> Session: Sessions is enabled, and one exists.Please don't $session->start();
INFO - 2023-02-22 03:34:04 --> Session: Class initialized using 'CodeIgniter\Session\Handlers\FileHandler' driver.
WARNING - 2023-02-22 03:34:04 --> Session: Sessions is enabled, and one exists.Please don't $session->start();
INFO - 2023-02-22 03:34:22 --> Session: Class initialized using 'CodeIgniter\Session\Handlers\FileHandler' driver.
WARNING - 2023-02-22 03:34:22 --> Session: Sessions is enabled, and one exists.Please don't $session->start();
INFO - 2023-02-22 03:36:34 --> Session: Class initialized using 'CodeIgniter\Session\Handlers\FileHandler' driver.
WARNING - 2023-02-22 03:36:34 --> Session: Sessions is enabled, and one exists.Please don't $session->start();
INFO - 2023-02-22 03:37:15 --> Session: Class initialized using 'CodeIgniter\Session\Handlers\FileHandler' driver.
WARNING - 2023-02-22 03:37:15 --> Session: Sessions is enabled, and one exists.Please don't $session->start();
INFO - 2023-02-22 03:42:24 --> Session: Class initialized using 'CodeIgniter\Session\Handlers\FileHandler' driver.
WARNING - 2023-02-22 03:42:24 --> Session: Sessions is enabled, and one exists.Please don't $session->start();
INFO - 2023-02-22 03:45:54 --> Session: Class initialized using 'CodeIgniter\Session\Handlers\FileHandler' driver.
WARNING - 2023-02-22 03:45:54 --> Session: Sessions is enabled, and one exists.Please don't $session->start();
INFO - 2023-02-22 03:49:45 --> Session: Class initialized using 'CodeIgniter\Session\Handlers\FileHandler' driver.
WARNING - 2023-02-22 03:49:45 --> Session: Sessions is enabled, and one exists.Please don't $session->start();
INFO - 2023-02-22 03:49:57 --> Session: Class initialized using 'CodeIgniter\Session\Handlers\FileHandler' driver.
WARNING - 2023-02-22 03:49:57 --> Session: Sessions is enabled, and one exists.Please don't $session->start();
INFO - 2023-02-22 03:51:23 --> Session: Class initialized using 'CodeIgniter\Session\Handlers\FileHandler' driver.
WARNING - 2023-02-22 03:51:23 --> Session: Sessions is enabled, and one exists.Please don't $session->start();
INFO - 2023-02-22 03:54:34 --> Session: Class initialized using 'CodeIgniter\Session\Handlers\FileHandler' driver.
WARNING - 2023-02-22 03:54:34 --> Session: Sessions is enabled, and one exists.Please don't $session->start();
INFO - 2023-02-22 03:54:42 --> Session: Class initialized using 'CodeIgniter\Session\Handlers\FileHandler' driver.
WARNING - 2023-02-22 03:54:42 --> Session: Sessions is enabled, and one exists.Please don't $session->start();
INFO - 2023-02-22 04:41:59 --> Session: Class initialized using 'CodeIgniter\Session\Handlers\FileHandler' driver.
WARNING - 2023-02-22 04:41:59 --> Session: Sessions is enabled, and one exists.Please don't $session->start();
INFO - 2023-02-22 04:41:59 --> Session: Class initialized using 'CodeIgniter\Session\Handlers\FileHandler' driver.
WARNING - 2023-02-22 04:41:59 --> Session: Sessions is enabled, and one exists.Please don't $session->start();
INFO - 2023-02-22 04:42:08 --> Session: Class initialized using 'CodeIgniter\Session\Handlers\FileHandler' driver.
WARNING - 2023-02-22 04:42:08 --> Session: Sessions is enabled, and one exists.Please don't $session->start();
INFO - 2023-02-22 04:42:08 --> Session: Class initialized using 'CodeIgniter\Session\Handlers\FileHandler' driver.
WARNING - 2023-02-22 04:42:08 --> Session: Sessions is enabled, and one exists.Please don't $session->start();
INFO - 2023-02-22 04:42:14 --> Session: Class initialized using 'CodeIgniter\Session\Handlers\FileHandler' driver.
WARNING - 2023-02-22 04:42:14 --> Session: Sessions is enabled, and one exists.Please don't $session->start();
CRITICAL - 2023-02-22 04:42:14 --> A non-numeric value encountered
in APPPATH\Controllers\User_Controller.php on line 66.
 1 APPPATH\Controllers\User_Controller.php(66): CodeIgniter\Debug\Exceptions->errorHandler(2, 'A non-numeric value encountered', 'APPPATH\\Controllers\\User_Controller.php', 66, [...])
 2 SYSTEMPATH\CodeIgniter.php(934): App\Controllers\User_Controller->submit_ktpsuami()
 3 SYSTEMPATH\CodeIgniter.php(499): CodeIgniter\CodeIgniter->runController(Object(App\Controllers\User_Controller))
 4 SYSTEMPATH\CodeIgniter.php(368): CodeIgniter\CodeIgniter->handleRequest(null, Object(Config\Cache), false)
 5 FCPATH\index.php(67): CodeIgniter\CodeIgniter->run()
INFO - 2023-02-22 04:44:38 --> Session: Class initialized using 'CodeIgniter\Session\Handlers\FileHandler' driver.
WARNING - 2023-02-22 04:44:38 --> Session: Sessions is enabled, and one exists.Please don't $session->start();
INFO - 2023-02-22 04:44:48 --> Session: Class initialized using 'CodeIgniter\Session\Handlers\FileHandler' driver.
WARNING - 2023-02-22 04:44:48 --> Session: Sessions is enabled, and one exists.Please don't $session->start();
CRITICAL - 2023-02-22 04:44:48 --> A non-numeric value encountered
in APPPATH\Controllers\User_Controller.php on line 66.
 1 APPPATH\Controllers\User_Controller.php(66): CodeIgniter\Debug\Exceptions->errorHandler(2, 'A non-numeric value encountered', 'APPPATH\\Controllers\\User_Controller.php', 66, [...])
 2 SYSTEMPATH\CodeIgniter.php(934): App\Controllers\User_Controller->submit_ktpsuami()
 3 SYSTEMPATH\CodeIgniter.php(499): CodeIgniter\CodeIgniter->runController(Object(App\Controllers\User_Controller))
 4 SYSTEMPATH\CodeIgniter.php(368): CodeIgniter\CodeIgniter->handleRequest(null, Object(Config\Cache), false)
 5 FCPATH\index.php(67): CodeIgniter\CodeIgniter->run()
INFO - 2023-02-22 04:46:04 --> Session: Class initialized using 'CodeIgniter\Session\Handlers\FileHandler' driver.
WARNING - 2023-02-22 04:46:04 --> Session: Sessions is enabled, and one exists.Please don't $session->start();
INFO - 2023-02-22 04:46:09 --> Session: Class initialized using 'CodeIgniter\Session\Handlers\FileHandler' driver.
WARNING - 2023-02-22 04:46:09 --> Session: Sessions is enabled, and one exists.Please don't $session->start();
CRITICAL - 2023-02-22 04:46:09 --> A non-numeric value encountered
in APPPATH\Controllers\User_Controller.php on line 67.
 1 APPPATH\Controllers\User_Controller.php(67): CodeIgniter\Debug\Exceptions->errorHandler(2, 'A non-numeric value encountered', 'APPPATH\\Controllers\\User_Controller.php', 67, [...])
 2 SYSTEMPATH\CodeIgniter.php(934): App\Controllers\User_Controller->submit_ktpsuami()
 3 SYSTEMPATH\CodeIgniter.php(499): CodeIgniter\CodeIgniter->runController(Object(App\Controllers\User_Controller))
 4 SYSTEMPATH\CodeIgniter.php(368): CodeIgniter\CodeIgniter->handleRequest(null, Object(Config\Cache), false)
 5 FCPATH\index.php(67): CodeIgniter\CodeIgniter->run()
INFO - 2023-02-22 04:46:50 --> Session: Class initialized using 'CodeIgniter\Session\Handlers\FileHandler' driver.
WARNING - 2023-02-22 04:46:50 --> Session: Sessions is enabled, and one exists.Please don't $session->start();
CRITICAL - 2023-02-22 04:46:50 --> A non-numeric value encountered
in APPPATH\Controllers\User_Controller.php on line 67.
 1 APPPATH\Controllers\User_Controller.php(67): CodeIgniter\Debug\Exceptions->errorHandler(2, 'A non-numeric value encountered', 'APPPATH\\Controllers\\User_Controller.php', 67, [...])
 2 SYSTEMPATH\CodeIgniter.php(934): App\Controllers\User_Controller->submit_ktpsuami()
 3 SYSTEMPATH\CodeIgniter.php(499): CodeIgniter\CodeIgniter->runController(Object(App\Controllers\User_Controller))
 4 SYSTEMPATH\CodeIgniter.php(368): CodeIgniter\CodeIgniter->handleRequest(null, Object(Config\Cache), false)
 5 FCPATH\index.php(67): CodeIgniter\CodeIgniter->run()
INFO - 2023-02-22 04:48:30 --> Session: Class initialized using 'CodeIgniter\Session\Handlers\FileHandler' driver.
WARNING - 2023-02-22 04:48:30 --> Session: Sessions is enabled, and one exists.Please don't $session->start();
INFO - 2023-02-22 04:48:39 --> Session: Class initialized using 'CodeIgniter\Session\Handlers\FileHandler' driver.
WARNING - 2023-02-22 04:48:39 --> Session: Sessions is enabled, and one exists.Please don't $session->start();
CRITICAL - 2023-02-22 04:48:39 --> A non-numeric value encountered
in APPPATH\Controllers\User_Controller.php on line 67.
 1 APPPATH\Controllers\User_Controller.php(67): CodeIgniter\Debug\Exceptions->errorHandler(2, 'A non-numeric value encountered', 'APPPATH\\Controllers\\User_Controller.php', 67, [...])
 2 SYSTEMPATH\CodeIgniter.php(934): App\Controllers\User_Controller->submit_ktpsuami()
 3 SYSTEMPATH\CodeIgniter.php(499): CodeIgniter\CodeIgniter->runController(Object(App\Controllers\User_Controller))
 4 SYSTEMPATH\CodeIgniter.php(368): CodeIgniter\CodeIgniter->handleRequest(null, Object(Config\Cache), false)
 5 FCPATH\index.php(67): CodeIgniter\CodeIgniter->run()
INFO - 2023-02-22 04:48:40 --> Session: Class initialized using 'CodeIgniter\Session\Handlers\FileHandler' driver.
WARNING - 2023-02-22 04:48:40 --> Session: Sessions is enabled, and one exists.Please don't $session->start();
CRITICAL - 2023-02-22 04:48:40 --> A non-numeric value encountered
in APPPATH\Controllers\User_Controller.php on line 67.
 1 APPPATH\Controllers\User_Controller.php(67): CodeIgniter\Debug\Exceptions->errorHandler(2, 'A non-numeric value encountered', 'APPPATH\\Controllers\\User_Controller.php', 67, [...])
 2 SYSTEMPATH\CodeIgniter.php(934): App\Controllers\User_Controller->submit_ktpsuami()
 3 SYSTEMPATH\CodeIgniter.php(499): CodeIgniter\CodeIgniter->runController(Object(App\Controllers\User_Controller))
 4 SYSTEMPATH\CodeIgniter.php(368): CodeIgniter\CodeIgniter->handleRequest(null, Object(Config\Cache), false)
 5 FCPATH\index.php(67): CodeIgniter\CodeIgniter->run()
INFO - 2023-02-22 04:49:18 --> Session: Class initialized using 'CodeIgniter\Session\Handlers\FileHandler' driver.
WARNING - 2023-02-22 04:49:18 --> Session: Sessions is enabled, and one exists.Please don't $session->start();
INFO - 2023-02-22 04:49:56 --> Session: Class initialized using 'CodeIgniter\Session\Handlers\FileHandler' driver.
WARNING - 2023-02-22 04:49:56 --> Session: Sessions is enabled, and one exists.Please don't $session->start();
INFO - 2023-02-22 04:49:57 --> Session: Class initialized using 'CodeIgniter\Session\Handlers\FileHandler' driver.
WARNING - 2023-02-22 04:49:57 --> Session: Sessions is enabled, and one exists.Please don't $session->start();
INFO - 2023-02-22 04:50:04 --> Session: Class initialized using 'CodeIgniter\Session\Handlers\FileHandler' driver.
WARNING - 2023-02-22 04:50:04 --> Session: Sessions is enabled, and one exists.Please don't $session->start();
INFO - 2023-02-22 06:08:21 --> Session: Class initialized using 'CodeIgniter\Session\Handlers\FileHandler' driver.
WARNING - 2023-02-22 06:08:21 --> Session: Sessions is enabled, and one exists.Please don't $session->start();
INFO - 2023-02-22 06:08:23 --> Session: Class initialized using 'CodeIgniter\Session\Handlers\FileHandler' driver.
WARNING - 2023-02-22 06:08:23 --> Session: Sessions is enabled, and one exists.Please don't $session->start();
INFO - 2023-02-22 06:08:28 --> Session: Class initialized using 'CodeIgniter\Session\Handlers\FileHandler' driver.
WARNING - 2023-02-22 06:08:28 --> Session: Sessions is enabled, and one exists.Please don't $session->start();
INFO - 2023-02-22 06:08:28 --> Session: Class initialized using 'CodeIgniter\Session\Handlers\FileHandler' driver.
WARNING - 2023-02-22 06:08:28 --> Session: Sessions is enabled, and one exists.Please don't $session->start();
INFO - 2023-02-22 06:08:35 --> Session: Class initialized using 'CodeIgniter\Session\Handlers\FileHandler' driver.
WARNING - 2023-02-22 06:08:35 --> Session: Sessions is enabled, and one exists.Please don't $session->start();
INFO - 2023-02-22 07:42:30 --> Session: Class initialized using 'CodeIgniter\Session\Handlers\FileHandler' driver.
WARNING - 2023-02-22 07:42:30 --> Session: Sessions is enabled, and one exists.Please don't $session->start();
INFO - 2023-02-22 07:42:31 --> Session: Class initialized using 'CodeIgniter\Session\Handlers\FileHandler' driver.
WARNING - 2023-02-22 07:42:31 --> Session: Sessions is enabled, and one exists.Please don't $session->start();
INFO - 2023-02-22 07:42:36 --> Session: Class initialized using 'CodeIgniter\Session\Handlers\FileHandler' driver.
WARNING - 2023-02-22 07:42:36 --> Session: Sessions is enabled, and one exists.Please don't $session->start();
INFO - 2023-02-22 07:42:36 --> Session: Class initialized using 'CodeIgniter\Session\Handlers\FileHandler' driver.
WARNING - 2023-02-22 07:42:36 --> Session: Sessions is enabled, and one exists.Please don't $session->start();
INFO - 2023-02-22 07:42:44 --> Session: Class initialized using 'CodeIgniter\Session\Handlers\FileHandler' driver.
WARNING - 2023-02-22 07:42:44 --> Session: Sessions is enabled, and one exists.Please don't $session->start();
INFO - 2023-02-22 07:42:50 --> Session: Class initialized using 'CodeIgniter\Session\Handlers\FileHandler' driver.
WARNING - 2023-02-22 07:42:50 --> Session: Sessions is enabled, and one exists.Please don't $session->start();
INFO - 2023-02-22 07:42:55 --> Session: Class initialized using 'CodeIgniter\Session\Handlers\FileHandler' driver.
WARNING - 2023-02-22 07:42:55 --> Session: Sessions is enabled, and one exists.Please don't $session->start();
INFO - 2023-02-22 07:51:03 --> Session: Class initialized using 'CodeIgniter\Session\Handlers\FileHandler' driver.
WARNING - 2023-02-22 07:51:03 --> Session: Sessions is enabled, and one exists.Please don't $session->start();
INFO - 2023-02-22 07:51:12 --> Session: Class initialized using 'CodeIgniter\Session\Handlers\FileHandler' driver.
WARNING - 2023-02-22 07:51:12 --> Session: Sessions is enabled, and one exists.Please don't $session->start();
INFO - 2023-02-22 07:51:17 --> Session: Class initialized using 'CodeIgniter\Session\Handlers\FileHandler' driver.
WARNING - 2023-02-22 07:51:17 --> Session: Sessions is enabled, and one exists.Please don't $session->start();
INFO - 2023-02-22 07:51:22 --> Session: Class initialized using 'CodeIgniter\Session\Handlers\FileHandler' driver.
WARNING - 2023-02-22 07:51:22 --> Session: Sessions is enabled, and one exists.Please don't $session->start();
INFO - 2023-02-22 08:43:54 --> Session: Class initialized using 'CodeIgniter\Session\Handlers\FileHandler' driver.
WARNING - 2023-02-22 08:43:54 --> Session: Sessions is enabled, and one exists.Please don't $session->start();
INFO - 2023-02-22 08:43:55 --> Session: Class initialized using 'CodeIgniter\Session\Handlers\FileHandler' driver.
WARNING - 2023-02-22 08:43:55 --> Session: Sessions is enabled, and one exists.Please don't $session->start();
INFO - 2023-02-22 08:44:27 --> Session: Class initialized using 'CodeIgniter\Session\Handlers\FileHandler' driver.
WARNING - 2023-02-22 08:44:27 --> Session: Sessions is enabled, and one exists.Please don't $session->start();
INFO - 2023-02-22 08:44:28 --> Session: Class initialized using 'CodeIgniter\Session\Handlers\FileHandler' driver.
WARNING - 2023-02-22 08:44:28 --> Session: Sessions is enabled, and one exists.Please don't $session->start();
INFO - 2023-02-22 08:44:34 --> Session: Class initialized using 'CodeIgniter\Session\Handlers\FileHandler' driver.
WARNING - 2023-02-22 08:44:34 --> Session: Sessions is enabled, and one exists.Please don't $session->start();
INFO - 2023-02-22 08:45:09 --> Session: Class initialized using 'CodeIgniter\Session\Handlers\FileHandler' driver.
WARNING - 2023-02-22 08:45:09 --> Session: Sessions is enabled, and one exists.Please don't $session->start();
INFO - 2023-02-22 08:45:14 --> Session: Class initialized using 'CodeIgniter\Session\Handlers\FileHandler' driver.
WARNING - 2023-02-22 08:45:14 --> Session: Sessions is enabled, and one exists.Please don't $session->start();
INFO - 2023-02-22 08:45:17 --> Session: Class initialized using 'CodeIgniter\Session\Handlers\FileHandler' driver.
WARNING - 2023-02-22 08:45:17 --> Session: Sessions is enabled, and one exists.Please don't $session->start();
INFO - 2023-02-22 08:45:21 --> Session: Class initialized using 'CodeIgniter\Session\Handlers\FileHandler' driver.
WARNING - 2023-02-22 08:45:21 --> Session: Sessions is enabled, and one exists.Please don't $session->start();
INFO - 2023-02-22 08:45:24 --> Session: Class initialized using 'CodeIgniter\Session\Handlers\FileHandler' driver.
WARNING - 2023-02-22 08:45:24 --> Session: Sessions is enabled, and one exists.Please don't $session->start();
INFO - 2023-02-22 08:45:27 --> Session: Class initialized using 'CodeIgniter\Session\Handlers\FileHandler' driver.
WARNING - 2023-02-22 08:45:27 --> Session: Sessions is enabled, and one exists.Please don't $session->start();
INFO - 2023-02-22 08:45:33 --> Session: Class initialized using 'CodeIgniter\Session\Handlers\FileHandler' driver.
WARNING - 2023-02-22 08:45:33 --> Session: Sessions is enabled, and one exists.Please don't $session->start();
INFO - 2023-02-22 08:45:39 --> Session: Class initialized using 'CodeIgniter\Session\Handlers\FileHandler' driver.
WARNING - 2023-02-22 08:45:39 --> Session: Sessions is enabled, and one exists.Please don't $session->start();
INFO - 2023-02-22 08:45:42 --> Session: Class initialized using 'CodeIgniter\Session\Handlers\FileHandler' driver.
WARNING - 2023-02-22 08:45:42 --> Session: Sessions is enabled, and one exists.Please don't $session->start();
INFO - 2023-02-22 08:45:49 --> Session: Class initialized using 'CodeIgniter\Session\Handlers\FileHandler' driver.
WARNING - 2023-02-22 08:45:49 --> Session: Sessions is enabled, and one exists.Please don't $session->start();
INFO - 2023-02-22 08:47:43 --> Session: Class initialized using 'CodeIgniter\Session\Handlers\FileHandler' driver.
WARNING - 2023-02-22 08:47:43 --> Session: Sessions is enabled, and one exists.Please don't $session->start();
INFO - 2023-02-22 08:49:23 --> Session: Class initialized using 'CodeIgniter\Session\Handlers\FileHandler' driver.
WARNING - 2023-02-22 08:49:23 --> Session: Sessions is enabled, and one exists.Please don't $session->start();
INFO - 2023-02-22 08:49:34 --> Session: Class initialized using 'CodeIgniter\Session\Handlers\FileHandler' driver.
WARNING - 2023-02-22 08:49:34 --> Session: Sessions is enabled, and one exists.Please don't $session->start();
INFO - 2023-02-22 08:50:48 --> Session: Class initialized using 'CodeIgniter\Session\Handlers\FileHandler' driver.
WARNING - 2023-02-22 08:50:48 --> Session: Sessions is enabled, and one exists.Please don't $session->start();
INFO - 2023-02-22 08:51:14 --> Session: Class initialized using 'CodeIgniter\Session\Handlers\FileHandler' driver.
WARNING - 2023-02-22 08:51:14 --> Session: Sessions is enabled, and one exists.Please don't $session->start();
INFO - 2023-02-22 09:01:31 --> Session: Class initialized using 'CodeIgniter\Session\Handlers\FileHandler' driver.
WARNING - 2023-02-22 09:01:31 --> Session: Sessions is enabled, and one exists.Please don't $session->start();
