INFO - 2023-02-23 01:49:31 --> Session: Class initialized using 'CodeIgniter\Session\Handlers\FileHandler' driver.
WARNING - 2023-02-23 01:49:31 --> Session: Sessions is enabled, and one exists.Please don't $session->start();
INFO - 2023-02-23 01:49:40 --> Session: Class initialized using 'CodeIgniter\Session\Handlers\FileHandler' driver.
WARNING - 2023-02-23 01:49:40 --> Session: Sessions is enabled, and one exists.Please don't $session->start();
INFO - 2023-02-23 02:06:42 --> Session: Class initialized using 'CodeIgniter\Session\Handlers\FileHandler' driver.
WARNING - 2023-02-23 02:06:42 --> Session: Sessions is enabled, and one exists.Please don't $session->start();
INFO - 2023-02-23 02:06:44 --> Session: Class initialized using 'CodeIgniter\Session\Handlers\FileHandler' driver.
WARNING - 2023-02-23 02:06:44 --> Session: Sessions is enabled, and one exists.Please don't $session->start();
INFO - 2023-02-23 03:25:48 --> Session: Class initialized using 'CodeIgniter\Session\Handlers\FileHandler' driver.
WARNING - 2023-02-23 03:25:48 --> Session: Sessions is enabled, and one exists.Please don't $session->start();
INFO - 2023-02-23 03:25:49 --> Session: Class initialized using 'CodeIgniter\Session\Handlers\FileHandler' driver.
WARNING - 2023-02-23 03:25:49 --> Session: Sessions is enabled, and one exists.Please don't $session->start();
INFO - 2023-02-23 03:25:53 --> Session: Class initialized using 'CodeIgniter\Session\Handlers\FileHandler' driver.
WARNING - 2023-02-23 03:25:53 --> Session: Sessions is enabled, and one exists.Please don't $session->start();
INFO - 2023-02-23 03:25:53 --> Session: Class initialized using 'CodeIgniter\Session\Handlers\FileHandler' driver.
WARNING - 2023-02-23 03:25:53 --> Session: Sessions is enabled, and one exists.Please don't $session->start();
INFO - 2023-02-23 03:26:32 --> Session: Class initialized using 'CodeIgniter\Session\Handlers\FileHandler' driver.
WARNING - 2023-02-23 03:26:32 --> Session: Sessions is enabled, and one exists.Please don't $session->start();
INFO - 2023-02-23 03:26:34 --> Session: Class initialized using 'CodeIgniter\Session\Handlers\FileHandler' driver.
WARNING - 2023-02-23 03:26:34 --> Session: Sessions is enabled, and one exists.Please don't $session->start();
INFO - 2023-02-23 03:26:38 --> Session: Class initialized using 'CodeIgniter\Session\Handlers\FileHandler' driver.
WARNING - 2023-02-23 03:26:38 --> Session: Sessions is enabled, and one exists.Please don't $session->start();
INFO - 2023-02-23 03:26:53 --> Session: Class initialized using 'CodeIgniter\Session\Handlers\FileHandler' driver.
WARNING - 2023-02-23 03:26:53 --> Session: Sessions is enabled, and one exists.Please don't $session->start();
INFO - 2023-02-23 03:26:55 --> Session: Class initialized using 'CodeIgniter\Session\Handlers\FileHandler' driver.
WARNING - 2023-02-23 03:26:55 --> Session: Sessions is enabled, and one exists.Please don't $session->start();
INFO - 2023-02-23 03:27:00 --> Session: Class initialized using 'CodeIgniter\Session\Handlers\FileHandler' driver.
WARNING - 2023-02-23 03:27:00 --> Session: Sessions is enabled, and one exists.Please don't $session->start();
INFO - 2023-02-23 03:33:40 --> Session: Class initialized using 'CodeIgniter\Session\Handlers\FileHandler' driver.
WARNING - 2023-02-23 03:33:40 --> Session: Sessions is enabled, and one exists.Please don't $session->start();
INFO - 2023-02-23 03:33:41 --> Session: Class initialized using 'CodeIgniter\Session\Handlers\FileHandler' driver.
WARNING - 2023-02-23 03:33:41 --> Session: Sessions is enabled, and one exists.Please don't $session->start();
INFO - 2023-02-23 03:33:46 --> Session: Class initialized using 'CodeIgniter\Session\Handlers\FileHandler' driver.
WARNING - 2023-02-23 03:33:46 --> Session: Sessions is enabled, and one exists.Please don't $session->start();
INFO - 2023-02-23 03:33:57 --> Session: Class initialized using 'CodeIgniter\Session\Handlers\FileHandler' driver.
WARNING - 2023-02-23 03:33:57 --> Session: Sessions is enabled, and one exists.Please don't $session->start();
INFO - 2023-02-23 03:34:49 --> Session: Class initialized using 'CodeIgniter\Session\Handlers\FileHandler' driver.
WARNING - 2023-02-23 03:34:49 --> Session: Sessions is enabled, and one exists.Please don't $session->start();
INFO - 2023-02-23 03:34:50 --> Session: Class initialized using 'CodeIgniter\Session\Handlers\FileHandler' driver.
WARNING - 2023-02-23 03:34:50 --> Session: Sessions is enabled, and one exists.Please don't $session->start();
INFO - 2023-02-23 03:34:55 --> Session: Class initialized using 'CodeIgniter\Session\Handlers\FileHandler' driver.
WARNING - 2023-02-23 03:34:55 --> Session: Sessions is enabled, and one exists.Please don't $session->start();
INFO - 2023-02-23 03:34:56 --> Session: Class initialized using 'CodeIgniter\Session\Handlers\FileHandler' driver.
WARNING - 2023-02-23 03:34:56 --> Session: Sessions is enabled, and one exists.Please don't $session->start();
INFO - 2023-02-23 06:55:30 --> Session: Class initialized using 'CodeIgniter\Session\Handlers\FileHandler' driver.
WARNING - 2023-02-23 06:55:30 --> Session: Sessions is enabled, and one exists.Please don't $session->start();
INFO - 2023-02-23 06:55:31 --> Session: Class initialized using 'CodeIgniter\Session\Handlers\FileHandler' driver.
WARNING - 2023-02-23 06:55:31 --> Session: Sessions is enabled, and one exists.Please don't $session->start();
INFO - 2023-02-23 06:55:36 --> Session: Class initialized using 'CodeIgniter\Session\Handlers\FileHandler' driver.
WARNING - 2023-02-23 06:55:36 --> Session: Sessions is enabled, and one exists.Please don't $session->start();
INFO - 2023-02-23 06:55:36 --> Session: Class initialized using 'CodeIgniter\Session\Handlers\FileHandler' driver.
WARNING - 2023-02-23 06:55:36 --> Session: Sessions is enabled, and one exists.Please don't $session->start();
INFO - 2023-02-23 06:55:45 --> Session: Class initialized using 'CodeIgniter\Session\Handlers\FileHandler' driver.
WARNING - 2023-02-23 06:55:45 --> Session: Sessions is enabled, and one exists.Please don't $session->start();
INFO - 2023-02-23 06:55:46 --> Session: Class initialized using 'CodeIgniter\Session\Handlers\FileHandler' driver.
WARNING - 2023-02-23 06:55:46 --> Session: Sessions is enabled, and one exists.Please don't $session->start();
INFO - 2023-02-23 07:14:18 --> Session: Class initialized using 'CodeIgniter\Session\Handlers\FileHandler' driver.
WARNING - 2023-02-23 07:14:18 --> Session: Sessions is enabled, and one exists.Please don't $session->start();
INFO - 2023-02-23 07:14:19 --> Session: Class initialized using 'CodeIgniter\Session\Handlers\FileHandler' driver.
WARNING - 2023-02-23 07:14:19 --> Session: Sessions is enabled, and one exists.Please don't $session->start();
INFO - 2023-02-23 07:14:25 --> Session: Class initialized using 'CodeIgniter\Session\Handlers\FileHandler' driver.
WARNING - 2023-02-23 07:14:25 --> Session: Sessions is enabled, and one exists.Please don't $session->start();
INFO - 2023-02-23 07:14:26 --> Session: Class initialized using 'CodeIgniter\Session\Handlers\FileHandler' driver.
WARNING - 2023-02-23 07:14:26 --> Session: Sessions is enabled, and one exists.Please don't $session->start();
INFO - 2023-02-23 07:14:57 --> Session: Class initialized using 'CodeIgniter\Session\Handlers\FileHandler' driver.
WARNING - 2023-02-23 07:14:57 --> Session: Sessions is enabled, and one exists.Please don't $session->start();
INFO - 2023-02-23 07:15:07 --> Session: Class initialized using 'CodeIgniter\Session\Handlers\FileHandler' driver.
WARNING - 2023-02-23 07:15:07 --> Session: Sessions is enabled, and one exists.Please don't $session->start();
CRITICAL - 2023-02-23 07:15:07 --> Call to a member function isValid() on null
in APPPATH\Controllers\User_Controller.php on line 64.
 1 SYSTEMPATH\CodeIgniter.php(934): App\Controllers\User_Controller->submit_ktpsuami()
 2 SYSTEMPATH\CodeIgniter.php(499): CodeIgniter\CodeIgniter->runController(Object(App\Controllers\User_Controller))
 3 SYSTEMPATH\CodeIgniter.php(368): CodeIgniter\CodeIgniter->handleRequest(null, Object(Config\Cache), false)
 4 FCPATH\index.php(67): CodeIgniter\CodeIgniter->run()
INFO - 2023-02-23 07:15:08 --> Session: Class initialized using 'CodeIgniter\Session\Handlers\FileHandler' driver.
WARNING - 2023-02-23 07:15:08 --> Session: Sessions is enabled, and one exists.Please don't $session->start();
INFO - 2023-02-23 07:23:20 --> Session: Class initialized using 'CodeIgniter\Session\Handlers\FileHandler' driver.
WARNING - 2023-02-23 07:23:20 --> Session: Sessions is enabled, and one exists.Please don't $session->start();
INFO - 2023-02-23 07:23:21 --> Session: Class initialized using 'CodeIgniter\Session\Handlers\FileHandler' driver.
WARNING - 2023-02-23 07:23:21 --> Session: Sessions is enabled, and one exists.Please don't $session->start();
INFO - 2023-02-23 07:23:25 --> Session: Class initialized using 'CodeIgniter\Session\Handlers\FileHandler' driver.
WARNING - 2023-02-23 07:23:25 --> Session: Sessions is enabled, and one exists.Please don't $session->start();
INFO - 2023-02-23 07:23:50 --> Session: Class initialized using 'CodeIgniter\Session\Handlers\FileHandler' driver.
WARNING - 2023-02-23 07:23:50 --> Session: Sessions is enabled, and one exists.Please don't $session->start();
INFO - 2023-02-23 07:23:52 --> Session: Class initialized using 'CodeIgniter\Session\Handlers\FileHandler' driver.
WARNING - 2023-02-23 07:23:52 --> Session: Sessions is enabled, and one exists.Please don't $session->start();
INFO - 2023-02-23 07:23:54 --> Session: Class initialized using 'CodeIgniter\Session\Handlers\FileHandler' driver.
WARNING - 2023-02-23 07:23:54 --> Session: Sessions is enabled, and one exists.Please don't $session->start();
INFO - 2023-02-23 07:23:55 --> Session: Class initialized using 'CodeIgniter\Session\Handlers\FileHandler' driver.
WARNING - 2023-02-23 07:23:55 --> Session: Sessions is enabled, and one exists.Please don't $session->start();
INFO - 2023-02-23 08:38:48 --> Session: Class initialized using 'CodeIgniter\Session\Handlers\FileHandler' driver.
WARNING - 2023-02-23 08:38:48 --> Session: Sessions is enabled, and one exists.Please don't $session->start();
INFO - 2023-02-23 08:38:49 --> Session: Class initialized using 'CodeIgniter\Session\Handlers\FileHandler' driver.
WARNING - 2023-02-23 08:38:49 --> Session: Sessions is enabled, and one exists.Please don't $session->start();
INFO - 2023-02-23 08:38:55 --> Session: Class initialized using 'CodeIgniter\Session\Handlers\FileHandler' driver.
WARNING - 2023-02-23 08:38:55 --> Session: Sessions is enabled, and one exists.Please don't $session->start();
INFO - 2023-02-23 08:38:55 --> Session: Class initialized using 'CodeIgniter\Session\Handlers\FileHandler' driver.
WARNING - 2023-02-23 08:38:55 --> Session: Sessions is enabled, and one exists.Please don't $session->start();
INFO - 2023-02-23 08:38:58 --> Session: Class initialized using 'CodeIgniter\Session\Handlers\FileHandler' driver.
WARNING - 2023-02-23 08:38:58 --> Session: Sessions is enabled, and one exists.Please don't $session->start();
INFO - 2023-02-23 08:39:03 --> Session: Class initialized using 'CodeIgniter\Session\Handlers\FileHandler' driver.
WARNING - 2023-02-23 08:39:03 --> Session: Sessions is enabled, and one exists.Please don't $session->start();
INFO - 2023-02-23 08:39:55 --> Session: Class initialized using 'CodeIgniter\Session\Handlers\FileHandler' driver.
WARNING - 2023-02-23 08:39:55 --> Session: Sessions is enabled, and one exists.Please don't $session->start();
INFO - 2023-02-23 08:39:56 --> Session: Class initialized using 'CodeIgniter\Session\Handlers\FileHandler' driver.
WARNING - 2023-02-23 08:39:56 --> Session: Sessions is enabled, and one exists.Please don't $session->start();
INFO - 2023-02-23 08:40:02 --> Session: Class initialized using 'CodeIgniter\Session\Handlers\FileHandler' driver.
WARNING - 2023-02-23 08:40:02 --> Session: Sessions is enabled, and one exists.Please don't $session->start();
INFO - 2023-02-23 08:40:56 --> Session: Class initialized using 'CodeIgniter\Session\Handlers\FileHandler' driver.
WARNING - 2023-02-23 08:40:56 --> Session: Sessions is enabled, and one exists.Please don't $session->start();
INFO - 2023-02-23 08:40:57 --> Session: Class initialized using 'CodeIgniter\Session\Handlers\FileHandler' driver.
WARNING - 2023-02-23 08:40:57 --> Session: Sessions is enabled, and one exists.Please don't $session->start();
INFO - 2023-02-23 08:41:02 --> Session: Class initialized using 'CodeIgniter\Session\Handlers\FileHandler' driver.
WARNING - 2023-02-23 08:41:02 --> Session: Sessions is enabled, and one exists.Please don't $session->start();
INFO - 2023-02-23 08:42:36 --> Session: Class initialized using 'CodeIgniter\Session\Handlers\FileHandler' driver.
WARNING - 2023-02-23 08:42:36 --> Session: Sessions is enabled, and one exists.Please don't $session->start();
INFO - 2023-02-23 08:42:37 --> Session: Class initialized using 'CodeIgniter\Session\Handlers\FileHandler' driver.
WARNING - 2023-02-23 08:42:37 --> Session: Sessions is enabled, and one exists.Please don't $session->start();
INFO - 2023-02-23 08:42:41 --> Session: Class initialized using 'CodeIgniter\Session\Handlers\FileHandler' driver.
WARNING - 2023-02-23 08:42:41 --> Session: Sessions is enabled, and one exists.Please don't $session->start();
INFO - 2023-02-23 08:43:19 --> Session: Class initialized using 'CodeIgniter\Session\Handlers\FileHandler' driver.
WARNING - 2023-02-23 08:43:19 --> Session: Sessions is enabled, and one exists.Please don't $session->start();
INFO - 2023-02-23 08:43:21 --> Session: Class initialized using 'CodeIgniter\Session\Handlers\FileHandler' driver.
WARNING - 2023-02-23 08:43:21 --> Session: Sessions is enabled, and one exists.Please don't $session->start();
INFO - 2023-02-23 08:43:27 --> Session: Class initialized using 'CodeIgniter\Session\Handlers\FileHandler' driver.
WARNING - 2023-02-23 08:43:27 --> Session: Sessions is enabled, and one exists.Please don't $session->start();
