INFO - 2023-03-02 03:11:21 --> Session: Class initialized using 'CodeIgniter\Session\Handlers\FileHandler' driver.
WARNING - 2023-03-02 03:11:21 --> Session: Sessions is enabled, and one exists.Please don't $session->start();
INFO - 2023-03-02 03:11:26 --> Session: Class initialized using 'CodeIgniter\Session\Handlers\FileHandler' driver.
WARNING - 2023-03-02 03:11:26 --> Session: Sessions is enabled, and one exists.Please don't $session->start();
INFO - 2023-03-02 03:11:27 --> Session: Class initialized using 'CodeIgniter\Session\Handlers\FileHandler' driver.
WARNING - 2023-03-02 03:11:27 --> Session: Sessions is enabled, and one exists.Please don't $session->start();
INFO - 2023-03-02 03:12:50 --> Session: Class initialized using 'CodeIgniter\Session\Handlers\FileHandler' driver.
WARNING - 2023-03-02 03:12:50 --> Session: Sessions is enabled, and one exists.Please don't $session->start();
INFO - 2023-03-02 03:12:52 --> Session: Class initialized using 'CodeIgniter\Session\Handlers\FileHandler' driver.
WARNING - 2023-03-02 03:12:52 --> Session: Sessions is enabled, and one exists.Please don't $session->start();
INFO - 2023-03-02 03:14:45 --> Session: Class initialized using 'CodeIgniter\Session\Handlers\FileHandler' driver.
WARNING - 2023-03-02 03:14:45 --> Session: Sessions is enabled, and one exists.Please don't $session->start();
INFO - 2023-03-02 03:15:00 --> Session: Class initialized using 'CodeIgniter\Session\Handlers\FileHandler' driver.
WARNING - 2023-03-02 03:15:00 --> Session: Sessions is enabled, and one exists.Please don't $session->start();
INFO - 2023-03-02 03:15:07 --> Session: Class initialized using 'CodeIgniter\Session\Handlers\FileHandler' driver.
WARNING - 2023-03-02 03:15:07 --> Session: Sessions is enabled, and one exists.Please don't $session->start();
INFO - 2023-03-02 03:15:24 --> Session: Class initialized using 'CodeIgniter\Session\Handlers\FileHandler' driver.
WARNING - 2023-03-02 03:15:24 --> Session: Sessions is enabled, and one exists.Please don't $session->start();
INFO - 2023-03-02 03:15:35 --> Session: Class initialized using 'CodeIgniter\Session\Handlers\FileHandler' driver.
WARNING - 2023-03-02 03:15:35 --> Session: Sessions is enabled, and one exists.Please don't $session->start();
INFO - 2023-03-02 03:16:03 --> Session: Class initialized using 'CodeIgniter\Session\Handlers\FileHandler' driver.
WARNING - 2023-03-02 03:16:03 --> Session: Sessions is enabled, and one exists.Please don't $session->start();
INFO - 2023-03-02 03:16:23 --> Session: Class initialized using 'CodeIgniter\Session\Handlers\FileHandler' driver.
WARNING - 2023-03-02 03:16:23 --> Session: Sessions is enabled, and one exists.Please don't $session->start();
INFO - 2023-03-02 03:16:51 --> Session: Class initialized using 'CodeIgniter\Session\Handlers\FileHandler' driver.
WARNING - 2023-03-02 03:16:51 --> Session: Sessions is enabled, and one exists.Please don't $session->start();
INFO - 2023-03-02 03:16:56 --> Session: Class initialized using 'CodeIgniter\Session\Handlers\FileHandler' driver.
WARNING - 2023-03-02 03:16:56 --> Session: Sessions is enabled, and one exists.Please don't $session->start();
INFO - 2023-03-02 03:19:18 --> Session: Class initialized using 'CodeIgniter\Session\Handlers\FileHandler' driver.
WARNING - 2023-03-02 03:19:18 --> Session: Sessions is enabled, and one exists.Please don't $session->start();
INFO - 2023-03-02 03:20:08 --> Session: Class initialized using 'CodeIgniter\Session\Handlers\FileHandler' driver.
WARNING - 2023-03-02 03:20:08 --> Session: Sessions is enabled, and one exists.Please don't $session->start();
INFO - 2023-03-02 03:20:27 --> Session: Class initialized using 'CodeIgniter\Session\Handlers\FileHandler' driver.
WARNING - 2023-03-02 03:20:27 --> Session: Sessions is enabled, and one exists.Please don't $session->start();
INFO - 2023-03-02 03:20:48 --> Session: Class initialized using 'CodeIgniter\Session\Handlers\FileHandler' driver.
WARNING - 2023-03-02 03:20:48 --> Session: Sessions is enabled, and one exists.Please don't $session->start();
INFO - 2023-03-02 03:21:24 --> Session: Class initialized using 'CodeIgniter\Session\Handlers\FileHandler' driver.
WARNING - 2023-03-02 03:21:24 --> Session: Sessions is enabled, and one exists.Please don't $session->start();
INFO - 2023-03-02 03:23:24 --> Session: Class initialized using 'CodeIgniter\Session\Handlers\FileHandler' driver.
WARNING - 2023-03-02 03:23:24 --> Session: Sessions is enabled, and one exists.Please don't $session->start();
INFO - 2023-03-02 03:23:26 --> Session: Class initialized using 'CodeIgniter\Session\Handlers\FileHandler' driver.
WARNING - 2023-03-02 03:23:26 --> Session: Sessions is enabled, and one exists.Please don't $session->start();
CRITICAL - 2023-03-02 03:23:27 --> Invalid file: "Create_Account.php"
in SYSTEMPATH\Exceptions\FrameworkException.php on line 33.
 1 SYSTEMPATH\View\View.php(201): CodeIgniter\Exceptions\FrameworkException::forInvalidFile('Create_Account.php')
 2 SYSTEMPATH\Common.php(1184): CodeIgniter\View\View->render('Create_Account', [], true)
 3 APPPATH\Controllers\Admin_Controller.php(21): view('Create_Account')
 4 SYSTEMPATH\CodeIgniter.php(934): App\Controllers\Admin_Controller->create_account()
 5 SYSTEMPATH\CodeIgniter.php(499): CodeIgniter\CodeIgniter->runController(Object(App\Controllers\Admin_Controller))
 6 SYSTEMPATH\CodeIgniter.php(368): CodeIgniter\CodeIgniter->handleRequest(null, Object(Config\Cache), false)
 7 FCPATH\index.php(67): CodeIgniter\CodeIgniter->run()
INFO - 2023-03-02 03:23:46 --> Session: Class initialized using 'CodeIgniter\Session\Handlers\FileHandler' driver.
WARNING - 2023-03-02 03:23:46 --> Session: Sessions is enabled, and one exists.Please don't $session->start();
INFO - 2023-03-02 03:26:35 --> Session: Class initialized using 'CodeIgniter\Session\Handlers\FileHandler' driver.
WARNING - 2023-03-02 03:26:35 --> Session: Sessions is enabled, and one exists.Please don't $session->start();
INFO - 2023-03-02 03:26:53 --> Session: Class initialized using 'CodeIgniter\Session\Handlers\FileHandler' driver.
WARNING - 2023-03-02 03:26:53 --> Session: Sessions is enabled, and one exists.Please don't $session->start();
INFO - 2023-03-02 03:37:00 --> Session: Class initialized using 'CodeIgniter\Session\Handlers\FileHandler' driver.
WARNING - 2023-03-02 03:37:00 --> Session: Sessions is enabled, and one exists.Please don't $session->start();
INFO - 2023-03-02 03:37:09 --> Session: Class initialized using 'CodeIgniter\Session\Handlers\FileHandler' driver.
WARNING - 2023-03-02 03:37:09 --> Session: Sessions is enabled, and one exists.Please don't $session->start();
INFO - 2023-03-02 03:37:27 --> Session: Class initialized using 'CodeIgniter\Session\Handlers\FileHandler' driver.
WARNING - 2023-03-02 03:37:27 --> Session: Sessions is enabled, and one exists.Please don't $session->start();
INFO - 2023-03-02 03:37:37 --> Session: Class initialized using 'CodeIgniter\Session\Handlers\FileHandler' driver.
WARNING - 2023-03-02 03:37:37 --> Session: Sessions is enabled, and one exists.Please don't $session->start();
INFO - 2023-03-02 03:38:16 --> Session: Class initialized using 'CodeIgniter\Session\Handlers\FileHandler' driver.
WARNING - 2023-03-02 03:38:16 --> Session: Sessions is enabled, and one exists.Please don't $session->start();
INFO - 2023-03-02 03:38:23 --> Session: Class initialized using 'CodeIgniter\Session\Handlers\FileHandler' driver.
WARNING - 2023-03-02 03:38:23 --> Session: Sessions is enabled, and one exists.Please don't $session->start();
INFO - 2023-03-02 03:38:23 --> Session: Class initialized using 'CodeIgniter\Session\Handlers\FileHandler' driver.
WARNING - 2023-03-02 03:38:23 --> Session: Sessions is enabled, and one exists.Please don't $session->start();
INFO - 2023-03-02 03:40:15 --> Session: Class initialized using 'CodeIgniter\Session\Handlers\FileHandler' driver.
WARNING - 2023-03-02 03:40:15 --> Session: Sessions is enabled, and one exists.Please don't $session->start();
INFO - 2023-03-02 03:40:18 --> Session: Class initialized using 'CodeIgniter\Session\Handlers\FileHandler' driver.
WARNING - 2023-03-02 03:40:18 --> Session: Sessions is enabled, and one exists.Please don't $session->start();
INFO - 2023-03-02 03:40:19 --> Session: Class initialized using 'CodeIgniter\Session\Handlers\FileHandler' driver.
WARNING - 2023-03-02 03:40:19 --> Session: Sessions is enabled, and one exists.Please don't $session->start();
INFO - 2023-03-02 03:40:27 --> Session: Class initialized using 'CodeIgniter\Session\Handlers\FileHandler' driver.
WARNING - 2023-03-02 03:40:27 --> Session: Sessions is enabled, and one exists.Please don't $session->start();
INFO - 2023-03-02 03:40:33 --> Session: Class initialized using 'CodeIgniter\Session\Handlers\FileHandler' driver.
WARNING - 2023-03-02 03:40:33 --> Session: Sessions is enabled, and one exists.Please don't $session->start();
INFO - 2023-03-02 03:40:35 --> Session: Class initialized using 'CodeIgniter\Session\Handlers\FileHandler' driver.
WARNING - 2023-03-02 03:40:35 --> Session: Sessions is enabled, and one exists.Please don't $session->start();
INFO - 2023-03-02 03:40:41 --> Session: Class initialized using 'CodeIgniter\Session\Handlers\FileHandler' driver.
WARNING - 2023-03-02 03:40:41 --> Session: Sessions is enabled, and one exists.Please don't $session->start();
INFO - 2023-03-02 03:40:41 --> Session: Class initialized using 'CodeIgniter\Session\Handlers\FileHandler' driver.
WARNING - 2023-03-02 03:40:41 --> Session: Sessions is enabled, and one exists.Please don't $session->start();
INFO - 2023-03-02 03:40:43 --> Session: Class initialized using 'CodeIgniter\Session\Handlers\FileHandler' driver.
WARNING - 2023-03-02 03:40:43 --> Session: Sessions is enabled, and one exists.Please don't $session->start();
INFO - 2023-03-02 03:40:44 --> Session: Class initialized using 'CodeIgniter\Session\Handlers\FileHandler' driver.
WARNING - 2023-03-02 03:40:44 --> Session: Sessions is enabled, and one exists.Please don't $session->start();
INFO - 2023-03-02 03:41:34 --> Session: Class initialized using 'CodeIgniter\Session\Handlers\FileHandler' driver.
WARNING - 2023-03-02 03:41:34 --> Session: Sessions is enabled, and one exists.Please don't $session->start();
INFO - 2023-03-02 03:41:34 --> Session: Class initialized using 'CodeIgniter\Session\Handlers\FileHandler' driver.
WARNING - 2023-03-02 03:41:34 --> Session: Sessions is enabled, and one exists.Please don't $session->start();
INFO - 2023-03-02 03:41:41 --> Session: Class initialized using 'CodeIgniter\Session\Handlers\FileHandler' driver.
WARNING - 2023-03-02 03:41:41 --> Session: Sessions is enabled, and one exists.Please don't $session->start();
INFO - 2023-03-02 03:41:43 --> Session: Class initialized using 'CodeIgniter\Session\Handlers\FileHandler' driver.
WARNING - 2023-03-02 03:41:43 --> Session: Sessions is enabled, and one exists.Please don't $session->start();
INFO - 2023-03-02 03:41:51 --> Session: Class initialized using 'CodeIgniter\Session\Handlers\FileHandler' driver.
WARNING - 2023-03-02 03:41:51 --> Session: Sessions is enabled, and one exists.Please don't $session->start();
INFO - 2023-03-02 03:41:51 --> Session: Class initialized using 'CodeIgniter\Session\Handlers\FileHandler' driver.
WARNING - 2023-03-02 03:41:51 --> Session: Sessions is enabled, and one exists.Please don't $session->start();
INFO - 2023-03-02 03:41:59 --> Session: Class initialized using 'CodeIgniter\Session\Handlers\FileHandler' driver.
WARNING - 2023-03-02 03:41:59 --> Session: Sessions is enabled, and one exists.Please don't $session->start();
INFO - 2023-03-02 03:42:00 --> Session: Class initialized using 'CodeIgniter\Session\Handlers\FileHandler' driver.
WARNING - 2023-03-02 03:42:00 --> Session: Sessions is enabled, and one exists.Please don't $session->start();
INFO - 2023-03-02 03:42:04 --> Session: Class initialized using 'CodeIgniter\Session\Handlers\FileHandler' driver.
WARNING - 2023-03-02 03:42:04 --> Session: Sessions is enabled, and one exists.Please don't $session->start();
INFO - 2023-03-02 03:42:09 --> Session: Class initialized using 'CodeIgniter\Session\Handlers\FileHandler' driver.
WARNING - 2023-03-02 03:42:09 --> Session: Sessions is enabled, and one exists.Please don't $session->start();
INFO - 2023-03-02 03:42:12 --> Session: Class initialized using 'CodeIgniter\Session\Handlers\FileHandler' driver.
WARNING - 2023-03-02 03:42:12 --> Session: Sessions is enabled, and one exists.Please don't $session->start();
INFO - 2023-03-02 03:42:13 --> Session: Class initialized using 'CodeIgniter\Session\Handlers\FileHandler' driver.
WARNING - 2023-03-02 03:42:13 --> Session: Sessions is enabled, and one exists.Please don't $session->start();
INFO - 2023-03-02 03:42:20 --> Session: Class initialized using 'CodeIgniter\Session\Handlers\FileHandler' driver.
WARNING - 2023-03-02 03:42:20 --> Session: Sessions is enabled, and one exists.Please don't $session->start();
INFO - 2023-03-02 03:42:20 --> Session: Class initialized using 'CodeIgniter\Session\Handlers\FileHandler' driver.
WARNING - 2023-03-02 03:42:20 --> Session: Sessions is enabled, and one exists.Please don't $session->start();
INFO - 2023-03-02 03:42:57 --> Session: Class initialized using 'CodeIgniter\Session\Handlers\FileHandler' driver.
WARNING - 2023-03-02 03:42:57 --> Session: Sessions is enabled, and one exists.Please don't $session->start();
INFO - 2023-03-02 03:42:57 --> Session: Class initialized using 'CodeIgniter\Session\Handlers\FileHandler' driver.
WARNING - 2023-03-02 03:42:57 --> Session: Sessions is enabled, and one exists.Please don't $session->start();
INFO - 2023-03-02 03:42:59 --> Session: Class initialized using 'CodeIgniter\Session\Handlers\FileHandler' driver.
WARNING - 2023-03-02 03:42:59 --> Session: Sessions is enabled, and one exists.Please don't $session->start();
INFO - 2023-03-02 03:45:23 --> Session: Class initialized using 'CodeIgniter\Session\Handlers\FileHandler' driver.
WARNING - 2023-03-02 03:45:23 --> Session: Sessions is enabled, and one exists.Please don't $session->start();
INFO - 2023-03-02 03:45:24 --> Session: Class initialized using 'CodeIgniter\Session\Handlers\FileHandler' driver.
WARNING - 2023-03-02 03:45:24 --> Session: Sessions is enabled, and one exists.Please don't $session->start();
INFO - 2023-03-02 03:45:32 --> Session: Class initialized using 'CodeIgniter\Session\Handlers\FileHandler' driver.
WARNING - 2023-03-02 03:45:32 --> Session: Sessions is enabled, and one exists.Please don't $session->start();
INFO - 2023-03-02 03:45:35 --> Session: Class initialized using 'CodeIgniter\Session\Handlers\FileHandler' driver.
WARNING - 2023-03-02 03:45:35 --> Session: Sessions is enabled, and one exists.Please don't $session->start();
INFO - 2023-03-02 03:45:36 --> Session: Class initialized using 'CodeIgniter\Session\Handlers\FileHandler' driver.
WARNING - 2023-03-02 03:45:36 --> Session: Sessions is enabled, and one exists.Please don't $session->start();
INFO - 2023-03-02 03:45:38 --> Session: Class initialized using 'CodeIgniter\Session\Handlers\FileHandler' driver.
WARNING - 2023-03-02 03:45:38 --> Session: Sessions is enabled, and one exists.Please don't $session->start();
INFO - 2023-03-02 03:45:44 --> Session: Class initialized using 'CodeIgniter\Session\Handlers\FileHandler' driver.
WARNING - 2023-03-02 03:45:44 --> Session: Sessions is enabled, and one exists.Please don't $session->start();
INFO - 2023-03-02 03:45:45 --> Session: Class initialized using 'CodeIgniter\Session\Handlers\FileHandler' driver.
WARNING - 2023-03-02 03:45:45 --> Session: Sessions is enabled, and one exists.Please don't $session->start();
INFO - 2023-03-02 03:45:51 --> Session: Class initialized using 'CodeIgniter\Session\Handlers\FileHandler' driver.
WARNING - 2023-03-02 03:45:51 --> Session: Sessions is enabled, and one exists.Please don't $session->start();
INFO - 2023-03-02 03:47:20 --> Session: Class initialized using 'CodeIgniter\Session\Handlers\FileHandler' driver.
WARNING - 2023-03-02 03:47:20 --> Session: Sessions is enabled, and one exists.Please don't $session->start();
INFO - 2023-03-02 03:57:28 --> Session: Class initialized using 'CodeIgniter\Session\Handlers\FileHandler' driver.
WARNING - 2023-03-02 03:57:28 --> Session: Sessions is enabled, and one exists.Please don't $session->start();
INFO - 2023-03-02 03:57:36 --> Session: Class initialized using 'CodeIgniter\Session\Handlers\FileHandler' driver.
WARNING - 2023-03-02 03:57:36 --> Session: Sessions is enabled, and one exists.Please don't $session->start();
INFO - 2023-03-02 05:57:32 --> Session: Class initialized using 'CodeIgniter\Session\Handlers\FileHandler' driver.
WARNING - 2023-03-02 05:57:32 --> Session: Sessions is enabled, and one exists.Please don't $session->start();
INFO - 2023-03-02 05:59:04 --> Session: Class initialized using 'CodeIgniter\Session\Handlers\FileHandler' driver.
WARNING - 2023-03-02 05:59:04 --> Session: Sessions is enabled, and one exists.Please don't $session->start();
INFO - 2023-03-02 05:59:08 --> Session: Class initialized using 'CodeIgniter\Session\Handlers\FileHandler' driver.
WARNING - 2023-03-02 05:59:08 --> Session: Sessions is enabled, and one exists.Please don't $session->start();
INFO - 2023-03-02 05:59:10 --> Session: Class initialized using 'CodeIgniter\Session\Handlers\FileHandler' driver.
WARNING - 2023-03-02 05:59:10 --> Session: Sessions is enabled, and one exists.Please don't $session->start();
INFO - 2023-03-02 05:59:13 --> Session: Class initialized using 'CodeIgniter\Session\Handlers\FileHandler' driver.
WARNING - 2023-03-02 05:59:13 --> Session: Sessions is enabled, and one exists.Please don't $session->start();
INFO - 2023-03-02 05:59:17 --> Session: Class initialized using 'CodeIgniter\Session\Handlers\FileHandler' driver.
WARNING - 2023-03-02 05:59:17 --> Session: Sessions is enabled, and one exists.Please don't $session->start();
INFO - 2023-03-02 05:59:17 --> Session: Class initialized using 'CodeIgniter\Session\Handlers\FileHandler' driver.
WARNING - 2023-03-02 05:59:17 --> Session: Sessions is enabled, and one exists.Please don't $session->start();
INFO - 2023-03-02 05:59:24 --> Session: Class initialized using 'CodeIgniter\Session\Handlers\FileHandler' driver.
WARNING - 2023-03-02 05:59:24 --> Session: Sessions is enabled, and one exists.Please don't $session->start();
INFO - 2023-03-02 05:59:37 --> Session: Class initialized using 'CodeIgniter\Session\Handlers\FileHandler' driver.
WARNING - 2023-03-02 05:59:37 --> Session: Sessions is enabled, and one exists.Please don't $session->start();
INFO - 2023-03-02 05:59:37 --> Session: Class initialized using 'CodeIgniter\Session\Handlers\FileHandler' driver.
WARNING - 2023-03-02 05:59:37 --> Session: Sessions is enabled, and one exists.Please don't $session->start();
CRITICAL - 2023-03-02 06:00:54 --> Call to a member function get() on null
in APPPATH\Controllers\Admin_Controller.php on line 11.
 1 SYSTEMPATH\CodeIgniter.php(906): App\Controllers\Admin_Controller->__construct()
 2 SYSTEMPATH\CodeIgniter.php(490): CodeIgniter\CodeIgniter->createController()
 3 SYSTEMPATH\CodeIgniter.php(368): CodeIgniter\CodeIgniter->handleRequest(null, Object(Config\Cache), false)
 4 FCPATH\index.php(67): CodeIgniter\CodeIgniter->run()
INFO - 2023-03-02 06:01:52 --> Session: Class initialized using 'CodeIgniter\Session\Handlers\FileHandler' driver.
WARNING - 2023-03-02 06:01:52 --> Session: Sessions is enabled, and one exists.Please don't $session->start();
INFO - 2023-03-02 06:02:10 --> Session: Class initialized using 'CodeIgniter\Session\Handlers\FileHandler' driver.
WARNING - 2023-03-02 06:02:10 --> Session: Sessions is enabled, and one exists.Please don't $session->start();
INFO - 2023-03-02 06:02:14 --> Session: Class initialized using 'CodeIgniter\Session\Handlers\FileHandler' driver.
WARNING - 2023-03-02 06:02:14 --> Session: Sessions is enabled, and one exists.Please don't $session->start();
INFO - 2023-03-02 06:02:14 --> Session: Class initialized using 'CodeIgniter\Session\Handlers\FileHandler' driver.
WARNING - 2023-03-02 06:02:14 --> Session: Sessions is enabled, and one exists.Please don't $session->start();
INFO - 2023-03-02 06:02:17 --> Session: Class initialized using 'CodeIgniter\Session\Handlers\FileHandler' driver.
WARNING - 2023-03-02 06:02:17 --> Session: Sessions is enabled, and one exists.Please don't $session->start();
INFO - 2023-03-02 06:02:49 --> Session: Class initialized using 'CodeIgniter\Session\Handlers\FileHandler' driver.
WARNING - 2023-03-02 06:02:49 --> Session: Sessions is enabled, and one exists.Please don't $session->start();
INFO - 2023-03-02 06:02:49 --> Session: Class initialized using 'CodeIgniter\Session\Handlers\FileHandler' driver.
WARNING - 2023-03-02 06:02:49 --> Session: Sessions is enabled, and one exists.Please don't $session->start();
INFO - 2023-03-02 06:02:56 --> Session: Class initialized using 'CodeIgniter\Session\Handlers\FileHandler' driver.
WARNING - 2023-03-02 06:02:56 --> Session: Sessions is enabled, and one exists.Please don't $session->start();
INFO - 2023-03-02 06:02:56 --> Session: Class initialized using 'CodeIgniter\Session\Handlers\FileHandler' driver.
WARNING - 2023-03-02 06:02:56 --> Session: Sessions is enabled, and one exists.Please don't $session->start();
INFO - 2023-03-02 06:03:03 --> Session: Class initialized using 'CodeIgniter\Session\Handlers\FileHandler' driver.
WARNING - 2023-03-02 06:03:03 --> Session: Sessions is enabled, and one exists.Please don't $session->start();
INFO - 2023-03-02 06:08:29 --> Session: Class initialized using 'CodeIgniter\Session\Handlers\FileHandler' driver.
WARNING - 2023-03-02 06:08:29 --> Session: Sessions is enabled, and one exists.Please don't $session->start();
INFO - 2023-03-02 06:08:57 --> Session: Class initialized using 'CodeIgniter\Session\Handlers\FileHandler' driver.
WARNING - 2023-03-02 06:08:57 --> Session: Sessions is enabled, and one exists.Please don't $session->start();
INFO - 2023-03-02 06:09:01 --> Session: Class initialized using 'CodeIgniter\Session\Handlers\FileHandler' driver.
WARNING - 2023-03-02 06:09:01 --> Session: Sessions is enabled, and one exists.Please don't $session->start();
INFO - 2023-03-02 06:09:06 --> Session: Class initialized using 'CodeIgniter\Session\Handlers\FileHandler' driver.
WARNING - 2023-03-02 06:09:06 --> Session: Sessions is enabled, and one exists.Please don't $session->start();
INFO - 2023-03-02 06:09:19 --> Session: Class initialized using 'CodeIgniter\Session\Handlers\FileHandler' driver.
WARNING - 2023-03-02 06:09:19 --> Session: Sessions is enabled, and one exists.Please don't $session->start();
INFO - 2023-03-02 06:09:40 --> Session: Class initialized using 'CodeIgniter\Session\Handlers\FileHandler' driver.
WARNING - 2023-03-02 06:09:40 --> Session: Sessions is enabled, and one exists.Please don't $session->start();
INFO - 2023-03-02 06:09:48 --> Session: Class initialized using 'CodeIgniter\Session\Handlers\FileHandler' driver.
WARNING - 2023-03-02 06:09:48 --> Session: Sessions is enabled, and one exists.Please don't $session->start();
INFO - 2023-03-02 06:10:21 --> Session: Class initialized using 'CodeIgniter\Session\Handlers\FileHandler' driver.
WARNING - 2023-03-02 06:10:21 --> Session: Sessions is enabled, and one exists.Please don't $session->start();
INFO - 2023-03-02 06:26:52 --> Session: Class initialized using 'CodeIgniter\Session\Handlers\FileHandler' driver.
WARNING - 2023-03-02 06:26:52 --> Session: Sessions is enabled, and one exists.Please don't $session->start();
INFO - 2023-03-02 06:26:53 --> Session: Class initialized using 'CodeIgniter\Session\Handlers\FileHandler' driver.
WARNING - 2023-03-02 06:26:53 --> Session: Sessions is enabled, and one exists.Please don't $session->start();
INFO - 2023-03-02 06:26:58 --> Session: Class initialized using 'CodeIgniter\Session\Handlers\FileHandler' driver.
WARNING - 2023-03-02 06:26:58 --> Session: Sessions is enabled, and one exists.Please don't $session->start();
INFO - 2023-03-02 06:26:58 --> Session: Class initialized using 'CodeIgniter\Session\Handlers\FileHandler' driver.
WARNING - 2023-03-02 06:26:58 --> Session: Sessions is enabled, and one exists.Please don't $session->start();
INFO - 2023-03-02 06:27:00 --> Session: Class initialized using 'CodeIgniter\Session\Handlers\FileHandler' driver.
WARNING - 2023-03-02 06:27:00 --> Session: Sessions is enabled, and one exists.Please don't $session->start();
INFO - 2023-03-02 06:27:06 --> Session: Class initialized using 'CodeIgniter\Session\Handlers\FileHandler' driver.
WARNING - 2023-03-02 06:27:06 --> Session: Sessions is enabled, and one exists.Please don't $session->start();
INFO - 2023-03-02 06:27:14 --> Session: Class initialized using 'CodeIgniter\Session\Handlers\FileHandler' driver.
WARNING - 2023-03-02 06:27:14 --> Session: Sessions is enabled, and one exists.Please don't $session->start();
INFO - 2023-03-02 06:27:15 --> Session: Class initialized using 'CodeIgniter\Session\Handlers\FileHandler' driver.
WARNING - 2023-03-02 06:27:15 --> Session: Sessions is enabled, and one exists.Please don't $session->start();
INFO - 2023-03-02 06:27:16 --> Session: Class initialized using 'CodeIgniter\Session\Handlers\FileHandler' driver.
WARNING - 2023-03-02 06:27:16 --> Session: Sessions is enabled, and one exists.Please don't $session->start();
INFO - 2023-03-02 06:27:18 --> Session: Class initialized using 'CodeIgniter\Session\Handlers\FileHandler' driver.
WARNING - 2023-03-02 06:27:18 --> Session: Sessions is enabled, and one exists.Please don't $session->start();
INFO - 2023-03-02 06:49:15 --> Session: Class initialized using 'CodeIgniter\Session\Handlers\FileHandler' driver.
WARNING - 2023-03-02 06:49:15 --> Session: Sessions is enabled, and one exists.Please don't $session->start();
ERROR - 2023-03-02 06:49:17 --> Email: sendWithSmtp throwed ErrorException: fsockopen(): php_network_getaddresses: getaddrinfo failed: No such host is known.  in C:\xampp\htdocs\Green\system\Email\Email.php:1868
Stack trace:
#0 [internal function]: CodeIgniter\Debug\Exceptions->errorHandler(2, 'fsockopen(): ph...', 'C:\\xampp\\htdocs...', 1868, Array)
#1 C:\xampp\htdocs\Green\system\Email\Email.php(1868): fsockopen('tls://ssl://mai...', 465, 0, 'php_network_get...', 5)
#2 C:\xampp\htdocs\Green\system\Email\Email.php(1782): CodeIgniter\Email\Email->SMTPConnect()
#3 C:\xampp\htdocs\Green\system\Email\Email.php(1667): CodeIgniter\Email\Email->sendWithSmtp()
#4 C:\xampp\htdocs\Green\system\Email\Email.php(1565): CodeIgniter\Email\Email->spoolEmail()
#5 C:\xampp\htdocs\Green\app\Controllers\Login.php(53): CodeIgniter\Email\Email->send()
#6 C:\xampp\htdocs\Green\system\CodeIgniter.php(934): App\Controllers\Login->forgot()
#7 C:\xampp\htdocs\Green\system\CodeIgniter.php(499): CodeIgniter\CodeIgniter->runController(Object(App\Controllers\Login))
#8 C:\xampp\htdocs\Green\system\CodeIgniter.php(368): CodeIgniter\CodeIgniter->handleRequest(NULL, Object(Config\Cache), false)
#9 C:\xampp\htdocs\Green\public\index.php(67): CodeIgniter\CodeIgniter->run()
#10 {main}
ERROR - 2023-03-02 06:49:17 --> Email: Unable to send email using SMTP. Your server might not be configured to send mail using this method.
ERROR - 2023-03-02 06:49:17 --> 
INFO - 2023-03-02 06:51:04 --> Session: Class initialized using 'CodeIgniter\Session\Handlers\FileHandler' driver.
WARNING - 2023-03-02 06:51:04 --> Session: Sessions is enabled, and one exists.Please don't $session->start();
ERROR - 2023-03-02 06:51:06 --> Email: sendWithSmtp throwed ErrorException: fsockopen(): php_network_getaddresses: getaddrinfo failed: No such host is known.  in C:\xampp\htdocs\Green\system\Email\Email.php:1868
Stack trace:
#0 [internal function]: CodeIgniter\Debug\Exceptions->errorHandler(2, 'fsockopen(): ph...', 'C:\\xampp\\htdocs...', 1868, Array)
#1 C:\xampp\htdocs\Green\system\Email\Email.php(1868): fsockopen('tls://ssl://mai...', 465, 0, 'php_network_get...', 5)
#2 C:\xampp\htdocs\Green\system\Email\Email.php(1782): CodeIgniter\Email\Email->SMTPConnect()
#3 C:\xampp\htdocs\Green\system\Email\Email.php(1667): CodeIgniter\Email\Email->sendWithSmtp()
#4 C:\xampp\htdocs\Green\system\Email\Email.php(1565): CodeIgniter\Email\Email->spoolEmail()
#5 C:\xampp\htdocs\Green\app\Controllers\Login.php(53): CodeIgniter\Email\Email->send()
#6 C:\xampp\htdocs\Green\system\CodeIgniter.php(934): App\Controllers\Login->forgot()
#7 C:\xampp\htdocs\Green\system\CodeIgniter.php(499): CodeIgniter\CodeIgniter->runController(Object(App\Controllers\Login))
#8 C:\xampp\htdocs\Green\system\CodeIgniter.php(368): CodeIgniter\CodeIgniter->handleRequest(NULL, Object(Config\Cache), false)
#9 C:\xampp\htdocs\Green\public\index.php(67): CodeIgniter\CodeIgniter->run()
#10 {main}
ERROR - 2023-03-02 06:51:06 --> Email: Unable to send email using SMTP. Your server might not be configured to send mail using this method.
ERROR - 2023-03-02 06:51:06 --> 
INFO - 2023-03-02 06:51:25 --> Session: Class initialized using 'CodeIgniter\Session\Handlers\FileHandler' driver.
WARNING - 2023-03-02 06:51:25 --> Session: Sessions is enabled, and one exists.Please don't $session->start();
ERROR - 2023-03-02 06:51:28 --> Email: sendWithSmtp throwed ErrorException: fsockopen(): php_network_getaddresses: getaddrinfo failed: No such host is known.  in C:\xampp\htdocs\Green\system\Email\Email.php:1868
Stack trace:
#0 [internal function]: CodeIgniter\Debug\Exceptions->errorHandler(2, 'fsockopen(): ph...', 'C:\\xampp\\htdocs...', 1868, Array)
#1 C:\xampp\htdocs\Green\system\Email\Email.php(1868): fsockopen('tls://ssl://mai...', 465, 0, 'php_network_get...', 5)
#2 C:\xampp\htdocs\Green\system\Email\Email.php(1782): CodeIgniter\Email\Email->SMTPConnect()
#3 C:\xampp\htdocs\Green\system\Email\Email.php(1667): CodeIgniter\Email\Email->sendWithSmtp()
#4 C:\xampp\htdocs\Green\system\Email\Email.php(1565): CodeIgniter\Email\Email->spoolEmail()
#5 C:\xampp\htdocs\Green\app\Controllers\Login.php(53): CodeIgniter\Email\Email->send()
#6 C:\xampp\htdocs\Green\system\CodeIgniter.php(934): App\Controllers\Login->forgot()
#7 C:\xampp\htdocs\Green\system\CodeIgniter.php(499): CodeIgniter\CodeIgniter->runController(Object(App\Controllers\Login))
#8 C:\xampp\htdocs\Green\system\CodeIgniter.php(368): CodeIgniter\CodeIgniter->handleRequest(NULL, Object(Config\Cache), false)
#9 C:\xampp\htdocs\Green\public\index.php(67): CodeIgniter\CodeIgniter->run()
#10 {main}
ERROR - 2023-03-02 06:51:28 --> Email: Unable to send email using SMTP. Your server might not be configured to send mail using this method.
ERROR - 2023-03-02 06:51:28 --> 
INFO - 2023-03-02 06:53:14 --> Session: Class initialized using 'CodeIgniter\Session\Handlers\FileHandler' driver.
WARNING - 2023-03-02 06:53:14 --> Session: Sessions is enabled, and one exists.Please don't $session->start();
ERROR - 2023-03-02 06:53:14 --> Email: sendWithSmtp throwed ErrorException: fsockopen(): Peer certificate CN=`kirim.idcloudhost.com' did not match expected CN=`smtp.idcloudhost.com' in C:\xampp\htdocs\Green\system\Email\Email.php:1868
Stack trace:
#0 [internal function]: CodeIgniter\Debug\Exceptions->errorHandler(2, 'fsockopen(): Pe...', 'C:\\xampp\\htdocs...', 1868, Array)
#1 C:\xampp\htdocs\Green\system\Email\Email.php(1868): fsockopen('tls://smtp.idcl...', 465, 0, NULL, 5)
#2 C:\xampp\htdocs\Green\system\Email\Email.php(1782): CodeIgniter\Email\Email->SMTPConnect()
#3 C:\xampp\htdocs\Green\system\Email\Email.php(1667): CodeIgniter\Email\Email->sendWithSmtp()
#4 C:\xampp\htdocs\Green\system\Email\Email.php(1565): CodeIgniter\Email\Email->spoolEmail()
#5 C:\xampp\htdocs\Green\app\Controllers\Login.php(53): CodeIgniter\Email\Email->send()
#6 C:\xampp\htdocs\Green\system\CodeIgniter.php(934): App\Controllers\Login->forgot()
#7 C:\xampp\htdocs\Green\system\CodeIgniter.php(499): CodeIgniter\CodeIgniter->runController(Object(App\Controllers\Login))
#8 C:\xampp\htdocs\Green\system\CodeIgniter.php(368): CodeIgniter\CodeIgniter->handleRequest(NULL, Object(Config\Cache), false)
#9 C:\xampp\htdocs\Green\public\index.php(67): CodeIgniter\CodeIgniter->run()
#10 {main}
ERROR - 2023-03-02 06:53:14 --> Email: Unable to send email using SMTP. Your server might not be configured to send mail using this method.
ERROR - 2023-03-02 06:53:14 --> 
INFO - 2023-03-02 07:00:24 --> Session: Class initialized using 'CodeIgniter\Session\Handlers\FileHandler' driver.
WARNING - 2023-03-02 07:00:24 --> Session: Sessions is enabled, and one exists.Please don't $session->start();
ERROR - 2023-03-02 07:00:27 --> Email: sendWithSmtp throwed ErrorException: stream_socket_enable_crypto(): SSL/TLS already set-up for this stream in C:\xampp\htdocs\Green\system\Email\Email.php:1886
Stack trace:
#0 [internal function]: CodeIgniter\Debug\Exceptions->errorHandler(2, 'stream_socket_e...', 'C:\\xampp\\htdocs...', 1886, Array)
#1 C:\xampp\htdocs\Green\system\Email\Email.php(1886): stream_socket_enable_crypto(Resource id #129, true, 57)
#2 C:\xampp\htdocs\Green\system\Email\Email.php(1782): CodeIgniter\Email\Email->SMTPConnect()
#3 C:\xampp\htdocs\Green\system\Email\Email.php(1667): CodeIgniter\Email\Email->sendWithSmtp()
#4 C:\xampp\htdocs\Green\system\Email\Email.php(1565): CodeIgniter\Email\Email->spoolEmail()
#5 C:\xampp\htdocs\Green\app\Controllers\Login.php(53): CodeIgniter\Email\Email->send()
#6 C:\xampp\htdocs\Green\system\CodeIgniter.php(934): App\Controllers\Login->forgot()
#7 C:\xampp\htdocs\Green\system\CodeIgniter.php(499): CodeIgniter\CodeIgniter->runController(Object(App\Controllers\Login))
#8 C:\xampp\htdocs\Green\system\CodeIgniter.php(368): CodeIgniter\CodeIgniter->handleRequest(NULL, Object(Config\Cache), false)
#9 C:\xampp\htdocs\Green\public\index.php(67): CodeIgniter\CodeIgniter->run()
#10 {main}
ERROR - 2023-03-02 07:00:27 --> Email: Unable to send email using SMTP. Your server might not be configured to send mail using this method.
ERROR - 2023-03-02 07:00:27 --> 220-iix1230.idcloudhost.com ESMTP Exim 4.95 #2 Thu, 02 Mar 2023 14:00:28 +0700 
220-We do not authorize the use of this system to transport unsolicited, 
220 and/or bulk e-mail.

hello: 250-iix1230.idcloudhost.com Hello localhost [180.252.92.186]
250-SIZE 52428800
250-8BITMIME
250-PIPELINING
250-PIPE_CONNECT
250-AUTH PLAIN LOGIN
250 HELP

starttls: 503 STARTTLS command used when not advertised

The following SMTP error was encountered: 503 STARTTLS command used when not advertised

INFO - 2023-03-02 07:00:50 --> Session: Class initialized using 'CodeIgniter\Session\Handlers\FileHandler' driver.
WARNING - 2023-03-02 07:00:50 --> Session: Sessions is enabled, and one exists.Please don't $session->start();
INFO - 2023-03-02 07:04:24 --> Session: Class initialized using 'CodeIgniter\Session\Handlers\FileHandler' driver.
WARNING - 2023-03-02 07:04:24 --> Session: Sessions is enabled, and one exists.Please don't $session->start();
ERROR - 2023-03-02 07:04:24 --> Email: sendWithSmtp throwed ErrorException: fsockopen(): unable to connect to http://mail.greenjonggolviilage.com:2079 (Unable to find the socket transport &quot;http&quot; - did you forget to enable it when you configured PHP?) in C:\xampp\htdocs\Green\system\Email\Email.php:1868
Stack trace:
#0 [internal function]: CodeIgniter\Debug\Exceptions->errorHandler(2, 'fsockopen(): un...', 'C:\\xampp\\htdocs...', 1868, Array)
#1 C:\xampp\htdocs\Green\system\Email\Email.php(1868): fsockopen('http://mail.gre...', 2079, -561956160, 'Unable to find ...', 5)
#2 C:\xampp\htdocs\Green\system\Email\Email.php(1782): CodeIgniter\Email\Email->SMTPConnect()
#3 C:\xampp\htdocs\Green\system\Email\Email.php(1667): CodeIgniter\Email\Email->sendWithSmtp()
#4 C:\xampp\htdocs\Green\system\Email\Email.php(1565): CodeIgniter\Email\Email->spoolEmail()
#5 C:\xampp\htdocs\Green\app\Controllers\Login.php(53): CodeIgniter\Email\Email->send()
#6 C:\xampp\htdocs\Green\system\CodeIgniter.php(934): App\Controllers\Login->forgot()
#7 C:\xampp\htdocs\Green\system\CodeIgniter.php(499): CodeIgniter\CodeIgniter->runController(Object(App\Controllers\Login))
#8 C:\xampp\htdocs\Green\system\CodeIgniter.php(368): CodeIgniter\CodeIgniter->handleRequest(NULL, Object(Config\Cache), false)
#9 C:\xampp\htdocs\Green\public\index.php(67): CodeIgniter\CodeIgniter->run()
#10 {main}
ERROR - 2023-03-02 07:04:24 --> Email: Unable to send email using SMTP. Your server might not be configured to send mail using this method.
ERROR - 2023-03-02 07:04:24 --> 
INFO - 2023-03-02 07:04:34 --> Session: Class initialized using 'CodeIgniter\Session\Handlers\FileHandler' driver.
WARNING - 2023-03-02 07:04:34 --> Session: Sessions is enabled, and one exists.Please don't $session->start();
ERROR - 2023-03-02 07:04:34 --> Email: sendWithSmtp throwed ErrorException: fsockopen(): unable to connect to http://mail.greenjonggolviilage.com:2079:2079 (Unable to find the socket transport &quot;http&quot; - did you forget to enable it when you configured PHP?) in C:\xampp\htdocs\Green\system\Email\Email.php:1868
Stack trace:
#0 [internal function]: CodeIgniter\Debug\Exceptions->errorHandler(2, 'fsockopen(): un...', 'C:\\xampp\\htdocs...', 1868, Array)
#1 C:\xampp\htdocs\Green\system\Email\Email.php(1868): fsockopen('http://mail.gre...', 2079, -547276096, 'Unable to find ...', 5)
#2 C:\xampp\htdocs\Green\system\Email\Email.php(1782): CodeIgniter\Email\Email->SMTPConnect()
#3 C:\xampp\htdocs\Green\system\Email\Email.php(1667): CodeIgniter\Email\Email->sendWithSmtp()
#4 C:\xampp\htdocs\Green\system\Email\Email.php(1565): CodeIgniter\Email\Email->spoolEmail()
#5 C:\xampp\htdocs\Green\app\Controllers\Login.php(53): CodeIgniter\Email\Email->send()
#6 C:\xampp\htdocs\Green\system\CodeIgniter.php(934): App\Controllers\Login->forgot()
#7 C:\xampp\htdocs\Green\system\CodeIgniter.php(499): CodeIgniter\CodeIgniter->runController(Object(App\Controllers\Login))
#8 C:\xampp\htdocs\Green\system\CodeIgniter.php(368): CodeIgniter\CodeIgniter->handleRequest(NULL, Object(Config\Cache), false)
#9 C:\xampp\htdocs\Green\public\index.php(67): CodeIgniter\CodeIgniter->run()
#10 {main}
ERROR - 2023-03-02 07:04:34 --> Email: Unable to send email using SMTP. Your server might not be configured to send mail using this method.
ERROR - 2023-03-02 07:04:34 --> 
INFO - 2023-03-02 07:07:06 --> Session: Class initialized using 'CodeIgniter\Session\Handlers\FileHandler' driver.
WARNING - 2023-03-02 07:07:06 --> Session: Sessions is enabled, and one exists.Please don't $session->start();
ERROR - 2023-03-02 07:07:09 --> Email: sendWithSmtp throwed ErrorException: stream_socket_enable_crypto(): SSL/TLS already set-up for this stream in C:\xampp\htdocs\Green\system\Email\Email.php:1886
Stack trace:
#0 [internal function]: CodeIgniter\Debug\Exceptions->errorHandler(2, 'stream_socket_e...', 'C:\\xampp\\htdocs...', 1886, Array)
#1 C:\xampp\htdocs\Green\system\Email\Email.php(1886): stream_socket_enable_crypto(Resource id #129, true, 57)
#2 C:\xampp\htdocs\Green\system\Email\Email.php(1782): CodeIgniter\Email\Email->SMTPConnect()
#3 C:\xampp\htdocs\Green\system\Email\Email.php(1667): CodeIgniter\Email\Email->sendWithSmtp()
#4 C:\xampp\htdocs\Green\system\Email\Email.php(1565): CodeIgniter\Email\Email->spoolEmail()
#5 C:\xampp\htdocs\Green\app\Controllers\Login.php(53): CodeIgniter\Email\Email->send()
#6 C:\xampp\htdocs\Green\system\CodeIgniter.php(934): App\Controllers\Login->forgot()
#7 C:\xampp\htdocs\Green\system\CodeIgniter.php(499): CodeIgniter\CodeIgniter->runController(Object(App\Controllers\Login))
#8 C:\xampp\htdocs\Green\system\CodeIgniter.php(368): CodeIgniter\CodeIgniter->handleRequest(NULL, Object(Config\Cache), false)
#9 C:\xampp\htdocs\Green\public\index.php(67): CodeIgniter\CodeIgniter->run()
#10 {main}
ERROR - 2023-03-02 07:07:09 --> Email: Unable to send email using SMTP. Your server might not be configured to send mail using this method.
ERROR - 2023-03-02 07:07:09 --> 220-iix1230.idcloudhost.com ESMTP Exim 4.95 #2 Thu, 02 Mar 2023 14:07:09 +0700 
220-We do not authorize the use of this system to transport unsolicited, 
220 and/or bulk e-mail.

hello: 250-iix1230.idcloudhost.com Hello localhost [180.252.92.186]
250-SIZE 52428800
250-8BITMIME
250-PIPELINING
250-PIPE_CONNECT
250-AUTH PLAIN LOGIN
250 HELP

starttls: 503 STARTTLS command used when not advertised

The following SMTP error was encountered: 503 STARTTLS command used when not advertised

INFO - 2023-03-02 07:09:07 --> Session: Class initialized using 'CodeIgniter\Session\Handlers\FileHandler' driver.
WARNING - 2023-03-02 07:09:07 --> Session: Sessions is enabled, and one exists.Please don't $session->start();
INFO - 2023-03-02 07:24:02 --> Session: Class initialized using 'CodeIgniter\Session\Handlers\FileHandler' driver.
WARNING - 2023-03-02 07:24:02 --> Session: Sessions is enabled, and one exists.Please don't $session->start();
INFO - 2023-03-02 07:24:14 --> Session: Class initialized using 'CodeIgniter\Session\Handlers\FileHandler' driver.
WARNING - 2023-03-02 07:24:14 --> Session: Sessions is enabled, and one exists.Please don't $session->start();
CRITICAL - 2023-03-02 07:24:14 --> Trying to get property 'username' of non-object
in APPPATH\Controllers\Login.php on line 58.
 1 APPPATH\Controllers\Login.php(58): CodeIgniter\Debug\Exceptions->errorHandler(8, 'Trying to get property \'username\' of non-object', 'APPPATH\\Controllers\\Login.php', 58, [...])
 2 SYSTEMPATH\CodeIgniter.php(934): App\Controllers\Login->forgot()
 3 SYSTEMPATH\CodeIgniter.php(499): CodeIgniter\CodeIgniter->runController(Object(App\Controllers\Login))
 4 SYSTEMPATH\CodeIgniter.php(368): CodeIgniter\CodeIgniter->handleRequest(null, Object(Config\Cache), false)
 5 FCPATH\index.php(67): CodeIgniter\CodeIgniter->run()
INFO - 2023-03-02 07:25:26 --> Session: Class initialized using 'CodeIgniter\Session\Handlers\FileHandler' driver.
WARNING - 2023-03-02 07:25:26 --> Session: Sessions is enabled, and one exists.Please don't $session->start();
INFO - 2023-03-02 07:27:16 --> Session: Class initialized using 'CodeIgniter\Session\Handlers\FileHandler' driver.
WARNING - 2023-03-02 07:27:16 --> Session: Sessions is enabled, and one exists.Please don't $session->start();
INFO - 2023-03-02 07:27:25 --> Session: Class initialized using 'CodeIgniter\Session\Handlers\FileHandler' driver.
WARNING - 2023-03-02 07:27:25 --> Session: Sessions is enabled, and one exists.Please don't $session->start();
CRITICAL - 2023-03-02 07:27:25 --> Trying to get property 'username' of non-object
in APPPATH\Controllers\Login.php on line 58.
 1 APPPATH\Controllers\Login.php(58): CodeIgniter\Debug\Exceptions->errorHandler(8, 'Trying to get property \'username\' of non-object', 'APPPATH\\Controllers\\Login.php', 58, [...])
 2 SYSTEMPATH\CodeIgniter.php(934): App\Controllers\Login->forgot()
 3 SYSTEMPATH\CodeIgniter.php(499): CodeIgniter\CodeIgniter->runController(Object(App\Controllers\Login))
 4 SYSTEMPATH\CodeIgniter.php(368): CodeIgniter\CodeIgniter->handleRequest(null, Object(Config\Cache), false)
 5 FCPATH\index.php(67): CodeIgniter\CodeIgniter->run()
INFO - 2023-03-02 07:27:32 --> Session: Class initialized using 'CodeIgniter\Session\Handlers\FileHandler' driver.
WARNING - 2023-03-02 07:27:32 --> Session: Sessions is enabled, and one exists.Please don't $session->start();
INFO - 2023-03-02 07:27:42 --> Session: Class initialized using 'CodeIgniter\Session\Handlers\FileHandler' driver.
WARNING - 2023-03-02 07:27:42 --> Session: Sessions is enabled, and one exists.Please don't $session->start();
INFO - 2023-03-02 07:30:05 --> Session: Class initialized using 'CodeIgniter\Session\Handlers\FileHandler' driver.
WARNING - 2023-03-02 07:30:05 --> Session: Sessions is enabled, and one exists.Please don't $session->start();
INFO - 2023-03-02 07:30:59 --> Session: Class initialized using 'CodeIgniter\Session\Handlers\FileHandler' driver.
WARNING - 2023-03-02 07:30:59 --> Session: Sessions is enabled, and one exists.Please don't $session->start();
INFO - 2023-03-02 07:31:03 --> Session: Class initialized using 'CodeIgniter\Session\Handlers\FileHandler' driver.
WARNING - 2023-03-02 07:31:03 --> Session: Sessions is enabled, and one exists.Please don't $session->start();
INFO - 2023-03-02 07:31:11 --> Session: Class initialized using 'CodeIgniter\Session\Handlers\FileHandler' driver.
WARNING - 2023-03-02 07:31:11 --> Session: Sessions is enabled, and one exists.Please don't $session->start();
INFO - 2023-03-02 07:31:16 --> Session: Class initialized using 'CodeIgniter\Session\Handlers\FileHandler' driver.
WARNING - 2023-03-02 07:31:16 --> Session: Sessions is enabled, and one exists.Please don't $session->start();
INFO - 2023-03-02 07:31:16 --> Session: Class initialized using 'CodeIgniter\Session\Handlers\FileHandler' driver.
WARNING - 2023-03-02 07:31:16 --> Session: Sessions is enabled, and one exists.Please don't $session->start();
INFO - 2023-03-02 07:31:21 --> Session: Class initialized using 'CodeIgniter\Session\Handlers\FileHandler' driver.
WARNING - 2023-03-02 07:31:21 --> Session: Sessions is enabled, and one exists.Please don't $session->start();
INFO - 2023-03-02 07:31:23 --> Session: Class initialized using 'CodeIgniter\Session\Handlers\FileHandler' driver.
WARNING - 2023-03-02 07:31:23 --> Session: Sessions is enabled, and one exists.Please don't $session->start();
INFO - 2023-03-02 07:31:32 --> Session: Class initialized using 'CodeIgniter\Session\Handlers\FileHandler' driver.
WARNING - 2023-03-02 07:31:32 --> Session: Sessions is enabled, and one exists.Please don't $session->start();
INFO - 2023-03-02 07:31:32 --> Session: Class initialized using 'CodeIgniter\Session\Handlers\FileHandler' driver.
WARNING - 2023-03-02 07:31:32 --> Session: Sessions is enabled, and one exists.Please don't $session->start();
INFO - 2023-03-02 07:31:38 --> Session: Class initialized using 'CodeIgniter\Session\Handlers\FileHandler' driver.
WARNING - 2023-03-02 07:31:38 --> Session: Sessions is enabled, and one exists.Please don't $session->start();
INFO - 2023-03-02 07:31:38 --> Session: Class initialized using 'CodeIgniter\Session\Handlers\FileHandler' driver.
WARNING - 2023-03-02 07:31:38 --> Session: Sessions is enabled, and one exists.Please don't $session->start();
INFO - 2023-03-02 07:31:40 --> Session: Class initialized using 'CodeIgniter\Session\Handlers\FileHandler' driver.
WARNING - 2023-03-02 07:31:40 --> Session: Sessions is enabled, and one exists.Please don't $session->start();
INFO - 2023-03-02 07:31:42 --> Session: Class initialized using 'CodeIgniter\Session\Handlers\FileHandler' driver.
WARNING - 2023-03-02 07:31:42 --> Session: Sessions is enabled, and one exists.Please don't $session->start();
INFO - 2023-03-02 07:31:43 --> Session: Class initialized using 'CodeIgniter\Session\Handlers\FileHandler' driver.
WARNING - 2023-03-02 07:31:43 --> Session: Sessions is enabled, and one exists.Please don't $session->start();
INFO - 2023-03-02 07:31:51 --> Session: Class initialized using 'CodeIgniter\Session\Handlers\FileHandler' driver.
WARNING - 2023-03-02 07:31:51 --> Session: Sessions is enabled, and one exists.Please don't $session->start();
INFO - 2023-03-02 07:31:52 --> Session: Class initialized using 'CodeIgniter\Session\Handlers\FileHandler' driver.
WARNING - 2023-03-02 07:31:52 --> Session: Sessions is enabled, and one exists.Please don't $session->start();
INFO - 2023-03-02 07:32:18 --> Session: Class initialized using 'CodeIgniter\Session\Handlers\FileHandler' driver.
WARNING - 2023-03-02 07:32:18 --> Session: Sessions is enabled, and one exists.Please don't $session->start();
INFO - 2023-03-02 07:32:18 --> Session: Class initialized using 'CodeIgniter\Session\Handlers\FileHandler' driver.
WARNING - 2023-03-02 07:32:18 --> Session: Sessions is enabled, and one exists.Please don't $session->start();
INFO - 2023-03-02 07:32:19 --> Session: Class initialized using 'CodeIgniter\Session\Handlers\FileHandler' driver.
WARNING - 2023-03-02 07:32:19 --> Session: Sessions is enabled, and one exists.Please don't $session->start();
INFO - 2023-03-02 07:32:22 --> Session: Class initialized using 'CodeIgniter\Session\Handlers\FileHandler' driver.
WARNING - 2023-03-02 07:32:22 --> Session: Sessions is enabled, and one exists.Please don't $session->start();
INFO - 2023-03-02 07:32:23 --> Session: Class initialized using 'CodeIgniter\Session\Handlers\FileHandler' driver.
WARNING - 2023-03-02 07:32:23 --> Session: Sessions is enabled, and one exists.Please don't $session->start();
INFO - 2023-03-02 07:32:24 --> Session: Class initialized using 'CodeIgniter\Session\Handlers\FileHandler' driver.
WARNING - 2023-03-02 07:32:24 --> Session: Sessions is enabled, and one exists.Please don't $session->start();
INFO - 2023-03-02 07:32:27 --> Session: Class initialized using 'CodeIgniter\Session\Handlers\FileHandler' driver.
WARNING - 2023-03-02 07:32:27 --> Session: Sessions is enabled, and one exists.Please don't $session->start();
INFO - 2023-03-02 07:32:27 --> Session: Class initialized using 'CodeIgniter\Session\Handlers\FileHandler' driver.
WARNING - 2023-03-02 07:32:27 --> Session: Sessions is enabled, and one exists.Please don't $session->start();
INFO - 2023-03-02 07:32:28 --> Session: Class initialized using 'CodeIgniter\Session\Handlers\FileHandler' driver.
WARNING - 2023-03-02 07:32:28 --> Session: Sessions is enabled, and one exists.Please don't $session->start();
INFO - 2023-03-02 07:32:37 --> Session: Class initialized using 'CodeIgniter\Session\Handlers\FileHandler' driver.
WARNING - 2023-03-02 07:32:37 --> Session: Sessions is enabled, and one exists.Please don't $session->start();
INFO - 2023-03-02 07:32:58 --> Session: Class initialized using 'CodeIgniter\Session\Handlers\FileHandler' driver.
WARNING - 2023-03-02 07:32:58 --> Session: Sessions is enabled, and one exists.Please don't $session->start();
INFO - 2023-03-02 07:33:00 --> Session: Class initialized using 'CodeIgniter\Session\Handlers\FileHandler' driver.
WARNING - 2023-03-02 07:33:00 --> Session: Sessions is enabled, and one exists.Please don't $session->start();
INFO - 2023-03-02 07:33:03 --> Session: Class initialized using 'CodeIgniter\Session\Handlers\FileHandler' driver.
WARNING - 2023-03-02 07:33:03 --> Session: Sessions is enabled, and one exists.Please don't $session->start();
INFO - 2023-03-02 07:33:10 --> Session: Class initialized using 'CodeIgniter\Session\Handlers\FileHandler' driver.
WARNING - 2023-03-02 07:33:10 --> Session: Sessions is enabled, and one exists.Please don't $session->start();
INFO - 2023-03-02 07:33:40 --> Session: Class initialized using 'CodeIgniter\Session\Handlers\FileHandler' driver.
WARNING - 2023-03-02 07:33:40 --> Session: Sessions is enabled, and one exists.Please don't $session->start();
